2017年 09月 23日 星期六 06:39:02 CST
    SUBDIR perl
/usr/bin/perl Makefile.PL PREFIX='/usr/local/git' INSTALL_BASE='' --localedir='/usr/local/git/share/locale'
Generating a Unix-style perl.mak
Writing perl.mak for Git
Writing MYMETA.yml and MYMETA.json
    GEN git-add--interactive
    GEN git-archimport
    GEN git-cvsexportcommit
    GEN git-cvsimport
    GEN git-cvsserver
    GEN git-send-email
    GEN git-svn
    SUBDIR git-gui
    SUBDIR gitk-git
    SUBDIR perl
"/usr/bin/perl" -pe "s<\Q++LOCALEDIR++\E></usr/local/git/share/locale>" <Git/SVN/Fetcher.pm >blib/lib/Git/SVN/Fetcher.pm
"/usr/bin/perl" -pe "s<\Q++LOCALEDIR++\E></usr/local/git/share/locale>" <Git/SVN/Log.pm >blib/lib/Git/SVN/Log.pm
"/usr/bin/perl" -pe "s<\Q++LOCALEDIR++\E></usr/local/git/share/locale>" <Git/SVN/Ra.pm >blib/lib/Git/SVN/Ra.pm
"/usr/bin/perl" -pe "s<\Q++LOCALEDIR++\E></usr/local/git/share/locale>" <Git/SVN/Editor.pm >blib/lib/Git/SVN/Editor.pm
"/usr/bin/perl" -pe "s<\Q++LOCALEDIR++\E></usr/local/git/share/locale>" <Git/SVN.pm >blib/lib/Git/SVN.pm
"/usr/bin/perl" -pe "s<\Q++LOCALEDIR++\E></usr/local/git/share/locale>" <Git.pm >blib/lib/Git.pm
"/usr/bin/perl" -pe "s<\Q++LOCALEDIR++\E></usr/local/git/share/locale>" <Git/SVN/Utils.pm >blib/lib/Git/SVN/Utils.pm
"/usr/bin/perl" -pe "s<\Q++LOCALEDIR++\E></usr/local/git/share/locale>" <Git/SVN/GlobSpec.pm >blib/lib/Git/SVN/GlobSpec.pm
"/usr/bin/perl" -pe "s<\Q++LOCALEDIR++\E></usr/local/git/share/locale>" <Git/SVN/Migration.pm >blib/lib/Git/SVN/Migration.pm
"/usr/bin/perl" -pe "s<\Q++LOCALEDIR++\E></usr/local/git/share/locale>" <Git/SVN/Prompt.pm >blib/lib/Git/SVN/Prompt.pm
"/usr/bin/perl" -pe "s<\Q++LOCALEDIR++\E></usr/local/git/share/locale>" <Git/I18N.pm >blib/lib/Git/I18N.pm
"/usr/bin/perl" -pe "s<\Q++LOCALEDIR++\E></usr/local/git/share/locale>" <Git/SVN/Memoize/YAML.pm >blib/lib/Git/SVN/Memoize/YAML.pm
"/usr/bin/perl" -pe "s<\Q++LOCALEDIR++\E></usr/local/git/share/locale>" <Git/IndexInfo.pm >blib/lib/Git/IndexInfo.pm
Manifying 8 pod documents
    SUBDIR templates
install -d -m 755 '/usr/local/git/bin'
install -d -m 755 '/usr/local/git/libexec/git-core'
install   git-credential-store git-daemon git-fast-import git-http-backend git-imap-send git-sh-i18n--envsubst git-shell git-show-index git-upload-pack git-remote-testsvn git-http-fetch git-http-push git-credential-cache git-credential-cache--daemon git-remote-http git-remote-https git-remote-ftp git-remote-ftps git-bisect git-difftool--helper git-filter-branch git-merge-octopus git-merge-one-file git-merge-resolve git-mergetool git-quiltimport git-rebase git-request-pull git-stash git-submodule git-web--browse git-add--interactive git-archimport git-cvsexportcommit git-cvsimport git-cvsserver git-send-email git-svn git-p4 git-instaweb '/usr/local/git/libexec/git-core'
install -m 644  git-mergetool--lib git-parse-remote git-rebase--am git-rebase--interactive git-rebase--merge git-sh-setup git-sh-i18n '/usr/local/git/libexec/git-core'
install git git-upload-pack git-receive-pack git-upload-archive git-shell git-cvsserver '/usr/local/git/bin'
make -C templates DESTDIR='' install
make[1]: Entering directory '/usr/local/src/git-2.13.2/templates'
install -d -m 755 '/usr/local/git/share/git-core/templates'
(cd blt && tar cf - .) | \
(cd '/usr/local/git/share/git-core/templates' && umask 022 && tar xof -)
make[1]: Leaving directory '/usr/local/src/git-2.13.2/templates'
install -d -m 755 '/usr/local/git/libexec/git-core/mergetools'
install -m 644 mergetools/* '/usr/local/git/libexec/git-core/mergetools'
install -d -m 755 '/usr/local/git/share/locale'
(cd po/build/locale && tar cf - .) | \
(cd '/usr/local/git/share/locale' && umask 022 && tar xof -)
make -C perl prefix='/usr/local/git' DESTDIR='' install
make[1]: Entering directory '/usr/local/src/git-2.13.2/perl'
make[2]: Entering directory '/usr/local/src/git-2.13.2/perl'
Manifying 8 pod documents
Installing /usr/local/git/share/perl/5.22.1/Git.pm
Installing /usr/local/git/share/perl/5.22.1/Git/SVN.pm
Installing /usr/local/git/share/perl/5.22.1/Git/I18N.pm
Installing /usr/local/git/share/perl/5.22.1/Git/IndexInfo.pm
Installing /usr/local/git/share/perl/5.22.1/Git/SVN/Log.pm
Installing /usr/local/git/share/perl/5.22.1/Git/SVN/Fetcher.pm
Installing /usr/local/git/share/perl/5.22.1/Git/SVN/Editor.pm
Installing /usr/local/git/share/perl/5.22.1/Git/SVN/Ra.pm
Installing /usr/local/git/share/perl/5.22.1/Git/SVN/Utils.pm
Installing /usr/local/git/share/perl/5.22.1/Git/SVN/GlobSpec.pm
Installing /usr/local/git/share/perl/5.22.1/Git/SVN/Migration.pm
Installing /usr/local/git/share/perl/5.22.1/Git/SVN/Prompt.pm
Installing /usr/local/git/share/perl/5.22.1/Git/SVN/Memoize/YAML.pm
Installing /usr/local/git/share/man/man3/Git::SVN::Fetcher.3pm
Installing /usr/local/git/share/man/man3/Git::SVN::Utils.3pm
Installing /usr/local/git/share/man/man3/Git::I18N.3pm
Installing /usr/local/git/share/man/man3/Git::SVN::Prompt.3pm
Installing /usr/local/git/share/man/man3/Git::SVN::Memoize::YAML.3pm
Installing /usr/local/git/share/man/man3/Git::SVN::Editor.3pm
Installing /usr/local/git/share/man/man3/Git::SVN::Ra.3pm
Installing /usr/local/git/share/man/man3/Git.3pm
Appending installation info to /usr/local/git/lib/x86_64-linux-gnu/perl/5.22.1/perllocal.pod
make[2]: Leaving directory '/usr/local/src/git-2.13.2/perl'
make[1]: Leaving directory '/usr/local/src/git-2.13.2/perl'
make -C gitweb install
make[1]: Entering directory '/usr/local/src/git-2.13.2/gitweb'
make[2]: Entering directory '/usr/local/src/git-2.13.2'
make[2]: 'GIT-VERSION-FILE' is up to date.
make[2]: Leaving directory '/usr/local/src/git-2.13.2'
    GEN gitweb.cgi
    GEN static/gitweb.js
install -d -m 755 '/usr/local/git/share/gitweb'
install -m 755 gitweb.cgi '/usr/local/git/share/gitweb'
install -d -m 755 '/usr/local/git/share/gitweb/static'
install -m 644 static/gitweb.js static/gitweb.css static/git-logo.png static/git-favicon.png '/usr/local/git/share/gitweb/static'
make[1]: Leaving directory '/usr/local/src/git-2.13.2/gitweb'
make -C gitk-git install
make[1]: Entering directory '/usr/local/src/git-2.13.2/gitk-git'
install -d -m 755 '/usr/local/git/bin'
install -m 755 gitk-wish '/usr/local/git/bin'/gitk
install -d -m 755 '/usr/local/git/share/gitk/lib/msgs'
install -m 644 po/pt_br.msg '/usr/local/git/share/gitk/lib/msgs' &&  install -m 644 po/ja.msg '/usr/local/git/share/gitk/lib/msgs' &&  install -m 644 po/ca.msg '/usr/local/git/share/gitk/lib/msgs' &&  install -m 644 po/sv.msg '/usr/local/git/share/gitk/lib/msgs' &&  install -m 644 po/it.msg '/usr/local/git/share/gitk/lib/msgs' &&  install -m 644 po/hu.msg '/usr/local/git/share/gitk/lib/msgs' &&  install -m 644 po/de.msg '/usr/local/git/share/gitk/lib/msgs' &&  install -m 644 po/pt_pt.msg '/usr/local/git/share/gitk/lib/msgs' &&  install -m 644 po/bg.msg '/usr/local/git/share/gitk/lib/msgs' &&  install -m 644 po/fr.msg '/usr/local/git/share/gitk/lib/msgs' &&  install -m 644 po/ru.msg '/usr/local/git/share/gitk/lib/msgs' &&  install -m 644 po/vi.msg '/usr/local/git/share/gitk/lib/msgs' &&  install -m 644 po/es.msg '/usr/local/git/share/gitk/lib/msgs' && true
make[1]: Leaving directory '/usr/local/src/git-2.13.2/gitk-git'
make -C git-gui gitexecdir='/usr/local/git/libexec/git-core' install
make[1]: Entering directory '/usr/local/src/git-2.13.2/git-gui'
  DEST /usr/local/git/libexec/git-core
    INSTALL 755 git-gui
    INSTALL 755 git-gui--askpass
    LINK        git-citool -> git-gui
  DEST /usr/local/git/share/git-gui/lib
    INSTALL 644 tclIndex
    INSTALL 644 themed.tcl
    INSTALL 644 checkout_op.tcl
    INSTALL 644 remote_add.tcl
    INSTALL 644 browser.tcl
    INSTALL 644 branch_checkout.tcl
    INSTALL 644 transport.tcl
    INSTALL 644 status_bar.tcl
    INSTALL 644 branch.tcl
    INSTALL 644 remote.tcl
    INSTALL 644 class.tcl
    INSTALL 644 branch_rename.tcl
    INSTALL 644 choose_font.tcl
    INSTALL 644 option.tcl
    INSTALL 644 encoding.tcl
    INSTALL 644 tools.tcl
    INSTALL 644 spellcheck.tcl
    INSTALL 644 mergetool.tcl
    INSTALL 644 search.tcl
    INSTALL 644 shortcut.tcl
    INSTALL 644 remote_branch_delete.tcl
    INSTALL 644 choose_repository.tcl
    INSTALL 644 about.tcl
    INSTALL 644 blame.tcl
    INSTALL 644 win32.tcl
    INSTALL 644 diff.tcl
    INSTALL 644 sshkey.tcl
    INSTALL 644 branch_create.tcl
    INSTALL 644 console.tcl
    INSTALL 644 line.tcl
    INSTALL 644 tools_dlg.tcl
    INSTALL 644 commit.tcl
    INSTALL 644 branch_delete.tcl
    INSTALL 644 index.tcl
    INSTALL 644 logo.tcl
    INSTALL 644 date.tcl
    INSTALL 644 choose_rev.tcl
    INSTALL 644 database.tcl
    INSTALL 644 error.tcl
    INSTALL 644 merge.tcl
    INSTALL 644 git-gui.ico
    INSTALL 644 win32_shortcut.js
  DEST /usr/local/git/share/git-gui/lib/msgs
    INSTALL 644 pt_br.msg
    INSTALL 644 zh_cn.msg
    INSTALL 644 ja.msg
    INSTALL 644 sv.msg
    INSTALL 644 it.msg
    INSTALL 644 de.msg
    INSTALL 644 pt_pt.msg
    INSTALL 644 bg.msg
    INSTALL 644 fr.msg
    INSTALL 644 ru.msg
    INSTALL 644 el.msg
    INSTALL 644 hu.msg
    INSTALL 644 vi.msg
    INSTALL 644 nb.msg
make[1]: Leaving directory '/usr/local/src/git-2.13.2/git-gui'
bindir=$(cd '/usr/local/git/bin' && pwd) && \
execdir=$(cd '/usr/local/git/libexec/git-core' && pwd) && \
{ test "$bindir/" = "$execdir/" || \
  for p in git git-shell git-upload-pack git-cvsserver; do \
	rm -f "$execdir/$p" && \
	test -z "" && \
	ln "$bindir/$p" "$execdir/$p" 2>/dev/null || \
	cp "$bindir/$p" "$execdir/$p" || exit; \
  done; \
} && \
for p in git-receive-pack git-upload-archive; do \
	rm -f "$bindir/$p" && \
	test -z "" && \
	ln "$bindir/git" "$bindir/$p" 2>/dev/null || \
	ln -s "git" "$bindir/$p" 2>/dev/null || \
	cp "$bindir/git" "$bindir/$p" || exit; \
done && \
for p in  git-add git-am git-annotate git-apply git-archive git-bisect--helper git-blame git-branch git-bundle git-cat-file git-check-attr git-check-ignore git-check-mailmap git-check-ref-format git-checkout-index git-checkout git-clean git-clone git-column git-commit-tree git-commit git-config git-count-objects git-credential git-describe git-diff-files git-diff-index git-diff-tree git-diff git-difftool git-fast-export git-fetch-pack git-fetch git-fmt-merge-msg git-for-each-ref git-fsck git-gc git-get-tar-commit-id git-grep git-hash-object git-help git-index-pack git-init-db git-interpret-trailers git-log git-ls-files git-ls-remote git-ls-tree git-mailinfo git-mailsplit git-merge git-merge-base git-merge-file git-merge-index git-merge-ours git-merge-recursive git-merge-tree git-mktag git-mktree git-mv git-name-rev git-notes git-pack-objects git-pack-redundant git-pack-refs git-patch-id git-prune-packed git-prune git-pull git-push git-read-tree git-rebase--helper git-receive-pack git-reflog git-remote git-remote-ext git-remote-fd git-repack git-replace git-rerere git-reset git-rev-list git-rev-parse git-revert git-rm git-send-pack git-shortlog git-show-branch git-show-ref git-stripspace git-submodule--helper git-symbolic-ref git-tag git-unpack-file git-unpack-objects git-update-index git-update-ref git-update-server-info git-upload-archive git-var git-verify-commit git-verify-pack git-verify-tag git-worktree git-write-tree git-cherry git-cherry-pick git-format-patch git-fsck-objects git-init git-merge-subtree git-show git-stage git-status git-whatchanged; do \
	rm -f "$execdir/$p" && \
	test -z "" && \
	ln "$execdir/git" "$execdir/$p" 2>/dev/null || \
	ln -s "git" "$execdir/$p" 2>/dev/null || \
	cp "$execdir/git" "$execdir/$p" || exit; \
done && \
remote_curl_aliases="git-remote-https git-remote-ftp git-remote-ftps" && \
for p in $remote_curl_aliases; do \
	rm -f "$execdir/$p" && \
	test -z "" && \
	ln "$execdir/git-remote-http" "$execdir/$p" 2>/dev/null || \
	ln -s "git-remote-http" "$execdir/$p" 2>/dev/null || \
	cp "$execdir/git-remote-http" "$execdir/$p" || exit; \
done && \
./check_bindir "z$bindir" "z$execdir" "$bindir/git-add"
make -C Documentation install
make[1]: Entering directory '/usr/local/src/git-2.13.2/Documentation'
make[2]: Entering directory '/usr/local/src/git-2.13.2'
make[2]: 'GIT-VERSION-FILE' is up to date.
make[2]: Leaving directory '/usr/local/src/git-2.13.2'
install -d -m 755 /usr/local/git/share/man/man1
install -d -m 755 /usr/local/git/share/man/man5
install -d -m 755 /usr/local/git/share/man/man7
install -m 644 git-upload-pack.1 git-commit-tree.1 git-check-attr.1 git-parse-remote.1 git-diff-files.1 git-credential-cache--daemon.1 git-web--browse.1 git-rev-list.1 git-bisect.1 git-count-objects.1 git-http-fetch.1 git-mv.1 git-gc.1 git-fast-import.1 git-sh-setup.1 git-apply.1 git-var.1 git-imap-send.1 git-notes.1 git-ls-remote.1 git-rerere.1 git-merge-one-file.1 git-ls-files.1 git-name-rev.1 git-remote-ext.1 git-update-server-info.1 git-remote-fd.1 git-show-branch.1 git-read-tree.1 git-mailsplit.1 git-merge.1 git-mergetool--lib.1 git-update-index.1 git-shortlog.1 git-merge-tree.1 git-cherry-pick.1 git-tag.1 git-checkout-index.1 git-show-ref.1 git-ls-tree.1 git-send-pack.1 git-request-pull.1 git-get-tar-commit-id.1 git-shell.1 git-diff-index.1 git-write-tree.1 git-diff.1 git-check-ignore.1 git-verify-tag.1 git-daemon.1 git-blame.1 git-send-email.1 git-remote-testgit.1 git-index-pack.1 git-upload-archive.1 git-patch-id.1 git-fsck-objects.1 git-prune-packed.1 git-receive-pack.1 git-gui.1 git-cvsimport.1 git-add.1 git-help.1 git-pack-redundant.1 git-http-backend.1 git-show.1 git-reset.1 git-worktree.1 git-mergetool.1 git-mktree.1 git-repack.1 git-cherry.1 git-quiltimport.1 git-update-ref.1 git-fast-export.1 git-fsck.1 git-http-push.1 git-merge-file.1 git-branch.1 git-for-each-ref.1 git-describe.1 git-unpack-file.1 git-stage.1 git-merge-base.1 git-verify-commit.1 git-filter-branch.1 git-log.1 git-merge-index.1 git-difftool.1 git-p4.1 git-svn.1 git-grep.1 git-instaweb.1 git-mailinfo.1 git-interpret-trailers.1 git-whatchanged.1 git-unpack-objects.1 git-push.1 git-remote.1 git-hash-object.1 git-fmt-merge-msg.1 git-credential.1 git-stripspace.1 git-rebase.1 git-submodule.1 git-fetch.1 git-commit.1 git-verify-pack.1 git-checkout.1 git-archimport.1 git-format-patch.1 git-archive.1 git-status.1 git-bundle.1 git-fetch-pack.1 git-init-db.1 git-rm.1 git-check-mailmap.1 git-am.1 git-sh-i18n.1 git-mktag.1 git-pack-objects.1 git-reflog.1 git-clean.1 git-revert.1 git-replace.1 git-stash.1 git-sh-i18n--envsubst.1 git-credential-cache.1 git-clone.1 git-column.1 git-pack-refs.1 git-cvsexportcommit.1 git-show-index.1 git-cvsserver.1 git-pull.1 git-diff-tree.1 git-check-ref-format.1 git-citool.1 git-prune.1 git-config.1 git-cat-file.1 git-annotate.1 git-rev-parse.1 git-symbolic-ref.1 git-init.1 git-credential-store.1 git.1 gitk.1 gitremote-helpers.1 gitweb.1 /usr/local/git/share/man/man1
install -m 644 gitattributes.5 githooks.5 gitignore.5 gitmodules.5 gitrepository-layout.5 gitweb.conf.5 /usr/local/git/share/man/man5
install -m 644 gitcli.7 gitcore-tutorial.7 gitcredentials.7 gitcvs-migration.7 gitdiffcore.7 giteveryday.7 gitglossary.7 gitnamespaces.7 gitrevisions.7 gittutorial-2.7 gittutorial.7 gitworkflows.7 /usr/local/git/share/man/man7
make[1]: Leaving directory '/usr/local/src/git-2.13.2/Documentation'
make -C Documentation install-html
make[1]: Entering directory '/usr/local/src/git-2.13.2/Documentation'
make[2]: Entering directory '/usr/local/src/git-2.13.2'
make[2]: 'GIT-VERSION-FILE' is up to date.
make[2]: Leaving directory '/usr/local/src/git-2.13.2'
'/bin/sh' ./install-webdoc.sh /usr/local/git/share/doc/git-doc
# install blame-options.txt /usr/local/git/share/doc/git-doc/blame-options.txt
# install cmds-ancillaryinterrogators.txt /usr/local/git/share/doc/git-doc/cmds-ancillaryinterrogators.txt
# install cmds-ancillarymanipulators.txt /usr/local/git/share/doc/git-doc/cmds-ancillarymanipulators.txt
# install cmds-foreignscminterface.txt /usr/local/git/share/doc/git-doc/cmds-foreignscminterface.txt
# install cmds-mainporcelain.txt /usr/local/git/share/doc/git-doc/cmds-mainporcelain.txt
# install cmds-plumbinginterrogators.txt /usr/local/git/share/doc/git-doc/cmds-plumbinginterrogators.txt
# install cmds-plumbingmanipulators.txt /usr/local/git/share/doc/git-doc/cmds-plumbingmanipulators.txt
# install cmds-purehelpers.txt /usr/local/git/share/doc/git-doc/cmds-purehelpers.txt
# install cmds-synchelpers.txt /usr/local/git/share/doc/git-doc/cmds-synchelpers.txt
# install cmds-synchingrepositories.txt /usr/local/git/share/doc/git-doc/cmds-synchingrepositories.txt
# install config.txt /usr/local/git/share/doc/git-doc/config.txt
# install date-formats.txt /usr/local/git/share/doc/git-doc/date-formats.txt
# install diff-config.txt /usr/local/git/share/doc/git-doc/diff-config.txt
# install diff-format.txt /usr/local/git/share/doc/git-doc/diff-format.txt
# install diff-generate-patch.txt /usr/local/git/share/doc/git-doc/diff-generate-patch.txt
# install diff-heuristic-options.txt /usr/local/git/share/doc/git-doc/diff-heuristic-options.txt
# install diff-options.txt /usr/local/git/share/doc/git-doc/diff-options.txt
# install fetch-options.txt /usr/local/git/share/doc/git-doc/fetch-options.txt
# install fmt-merge-msg-config.txt /usr/local/git/share/doc/git-doc/fmt-merge-msg-config.txt
# install git-add.txt /usr/local/git/share/doc/git-doc/git-add.txt
# install git-am.txt /usr/local/git/share/doc/git-doc/git-am.txt
# install git-annotate.txt /usr/local/git/share/doc/git-doc/git-annotate.txt
# install git-apply.txt /usr/local/git/share/doc/git-doc/git-apply.txt
# install git-archimport.txt /usr/local/git/share/doc/git-doc/git-archimport.txt
# install git-archive.txt /usr/local/git/share/doc/git-doc/git-archive.txt
# install git-bisect-lk2009.txt /usr/local/git/share/doc/git-doc/git-bisect-lk2009.txt
# install git-bisect.txt /usr/local/git/share/doc/git-doc/git-bisect.txt
# install git-blame.txt /usr/local/git/share/doc/git-doc/git-blame.txt
# install git-branch.txt /usr/local/git/share/doc/git-doc/git-branch.txt
# install git-bundle.txt /usr/local/git/share/doc/git-doc/git-bundle.txt
# install git-cat-file.txt /usr/local/git/share/doc/git-doc/git-cat-file.txt
# install git-check-attr.txt /usr/local/git/share/doc/git-doc/git-check-attr.txt
# install git-check-ignore.txt /usr/local/git/share/doc/git-doc/git-check-ignore.txt
# install git-check-mailmap.txt /usr/local/git/share/doc/git-doc/git-check-mailmap.txt
# install git-check-ref-format.txt /usr/local/git/share/doc/git-doc/git-check-ref-format.txt
# install git-checkout-index.txt /usr/local/git/share/doc/git-doc/git-checkout-index.txt
# install git-checkout.txt /usr/local/git/share/doc/git-doc/git-checkout.txt
# install git-cherry-pick.txt /usr/local/git/share/doc/git-doc/git-cherry-pick.txt
# install git-cherry.txt /usr/local/git/share/doc/git-doc/git-cherry.txt
# install git-citool.txt /usr/local/git/share/doc/git-doc/git-citool.txt
# install git-clean.txt /usr/local/git/share/doc/git-doc/git-clean.txt
# install git-clone.txt /usr/local/git/share/doc/git-doc/git-clone.txt
# install git-column.txt /usr/local/git/share/doc/git-doc/git-column.txt
# install git-commit-tree.txt /usr/local/git/share/doc/git-doc/git-commit-tree.txt
# install git-commit.txt /usr/local/git/share/doc/git-doc/git-commit.txt
# install git-config.txt /usr/local/git/share/doc/git-doc/git-config.txt
# install git-count-objects.txt /usr/local/git/share/doc/git-doc/git-count-objects.txt
# install git-credential-cache--daemon.txt /usr/local/git/share/doc/git-doc/git-credential-cache--daemon.txt
# install git-credential-cache.txt /usr/local/git/share/doc/git-doc/git-credential-cache.txt
# install git-credential-store.txt /usr/local/git/share/doc/git-doc/git-credential-store.txt
# install git-credential.txt /usr/local/git/share/doc/git-doc/git-credential.txt
# install git-cvsexportcommit.txt /usr/local/git/share/doc/git-doc/git-cvsexportcommit.txt
# install git-cvsimport.txt /usr/local/git/share/doc/git-doc/git-cvsimport.txt
# install git-cvsserver.txt /usr/local/git/share/doc/git-doc/git-cvsserver.txt
# install git-daemon.txt /usr/local/git/share/doc/git-doc/git-daemon.txt
# install git-describe.txt /usr/local/git/share/doc/git-doc/git-describe.txt
# install git-diff-files.txt /usr/local/git/share/doc/git-doc/git-diff-files.txt
# install git-diff-index.txt /usr/local/git/share/doc/git-doc/git-diff-index.txt
# install git-diff-tree.txt /usr/local/git/share/doc/git-doc/git-diff-tree.txt
# install git-diff.txt /usr/local/git/share/doc/git-doc/git-diff.txt
# install git-difftool.txt /usr/local/git/share/doc/git-doc/git-difftool.txt
# install git-fast-export.txt /usr/local/git/share/doc/git-doc/git-fast-export.txt
# install git-fast-import.txt /usr/local/git/share/doc/git-doc/git-fast-import.txt
# install git-fetch-pack.txt /usr/local/git/share/doc/git-doc/git-fetch-pack.txt
# install git-fetch.txt /usr/local/git/share/doc/git-doc/git-fetch.txt
# install git-filter-branch.txt /usr/local/git/share/doc/git-doc/git-filter-branch.txt
# install git-fmt-merge-msg.txt /usr/local/git/share/doc/git-doc/git-fmt-merge-msg.txt
# install git-for-each-ref.txt /usr/local/git/share/doc/git-doc/git-for-each-ref.txt
# install git-format-patch.txt /usr/local/git/share/doc/git-doc/git-format-patch.txt
# install git-fsck-objects.txt /usr/local/git/share/doc/git-doc/git-fsck-objects.txt
# install git-fsck.txt /usr/local/git/share/doc/git-doc/git-fsck.txt
# install git-gc.txt /usr/local/git/share/doc/git-doc/git-gc.txt
# install git-get-tar-commit-id.txt /usr/local/git/share/doc/git-doc/git-get-tar-commit-id.txt
# install git-grep.txt /usr/local/git/share/doc/git-doc/git-grep.txt
# install git-gui.txt /usr/local/git/share/doc/git-doc/git-gui.txt
# install git-hash-object.txt /usr/local/git/share/doc/git-doc/git-hash-object.txt
# install git-help.txt /usr/local/git/share/doc/git-doc/git-help.txt
# install git-http-backend.txt /usr/local/git/share/doc/git-doc/git-http-backend.txt
# install git-http-fetch.txt /usr/local/git/share/doc/git-doc/git-http-fetch.txt
# install git-http-push.txt /usr/local/git/share/doc/git-doc/git-http-push.txt
# install git-imap-send.txt /usr/local/git/share/doc/git-doc/git-imap-send.txt
# install git-index-pack.txt /usr/local/git/share/doc/git-doc/git-index-pack.txt
# install git-init-db.txt /usr/local/git/share/doc/git-doc/git-init-db.txt
# install git-init.txt /usr/local/git/share/doc/git-doc/git-init.txt
# install git-instaweb.txt /usr/local/git/share/doc/git-doc/git-instaweb.txt
# install git-interpret-trailers.txt /usr/local/git/share/doc/git-doc/git-interpret-trailers.txt
# install git-log.txt /usr/local/git/share/doc/git-doc/git-log.txt
# install git-ls-files.txt /usr/local/git/share/doc/git-doc/git-ls-files.txt
# install git-ls-remote.txt /usr/local/git/share/doc/git-doc/git-ls-remote.txt
# install git-ls-tree.txt /usr/local/git/share/doc/git-doc/git-ls-tree.txt
# install git-mailinfo.txt /usr/local/git/share/doc/git-doc/git-mailinfo.txt
# install git-mailsplit.txt /usr/local/git/share/doc/git-doc/git-mailsplit.txt
# install git-merge-base.txt /usr/local/git/share/doc/git-doc/git-merge-base.txt
# install git-merge-file.txt /usr/local/git/share/doc/git-doc/git-merge-file.txt
# install git-merge-index.txt /usr/local/git/share/doc/git-doc/git-merge-index.txt
# install git-merge-one-file.txt /usr/local/git/share/doc/git-doc/git-merge-one-file.txt
# install git-merge-tree.txt /usr/local/git/share/doc/git-doc/git-merge-tree.txt
# install git-merge.txt /usr/local/git/share/doc/git-doc/git-merge.txt
# install git-mergetool--lib.txt /usr/local/git/share/doc/git-doc/git-mergetool--lib.txt
# install git-mergetool.txt /usr/local/git/share/doc/git-doc/git-mergetool.txt
# install git-mktag.txt /usr/local/git/share/doc/git-doc/git-mktag.txt
# install git-mktree.txt /usr/local/git/share/doc/git-doc/git-mktree.txt
# install git-mv.txt /usr/local/git/share/doc/git-doc/git-mv.txt
# install git-name-rev.txt /usr/local/git/share/doc/git-doc/git-name-rev.txt
# install git-notes.txt /usr/local/git/share/doc/git-doc/git-notes.txt
# install git-p4.txt /usr/local/git/share/doc/git-doc/git-p4.txt
# install git-pack-objects.txt /usr/local/git/share/doc/git-doc/git-pack-objects.txt
# install git-pack-redundant.txt /usr/local/git/share/doc/git-doc/git-pack-redundant.txt
# install git-pack-refs.txt /usr/local/git/share/doc/git-doc/git-pack-refs.txt
# install git-parse-remote.txt /usr/local/git/share/doc/git-doc/git-parse-remote.txt
# install git-patch-id.txt /usr/local/git/share/doc/git-doc/git-patch-id.txt
# install git-prune-packed.txt /usr/local/git/share/doc/git-doc/git-prune-packed.txt
# install git-prune.txt /usr/local/git/share/doc/git-doc/git-prune.txt
# install git-pull.txt /usr/local/git/share/doc/git-doc/git-pull.txt
# install git-push.txt /usr/local/git/share/doc/git-doc/git-push.txt
# install git-quiltimport.txt /usr/local/git/share/doc/git-doc/git-quiltimport.txt
# install git-read-tree.txt /usr/local/git/share/doc/git-doc/git-read-tree.txt
# install git-rebase.txt /usr/local/git/share/doc/git-doc/git-rebase.txt
# install git-receive-pack.txt /usr/local/git/share/doc/git-doc/git-receive-pack.txt
# install git-reflog.txt /usr/local/git/share/doc/git-doc/git-reflog.txt
# install git-remote-ext.txt /usr/local/git/share/doc/git-doc/git-remote-ext.txt
# install git-remote-fd.txt /usr/local/git/share/doc/git-doc/git-remote-fd.txt
# install git-remote-testgit.txt /usr/local/git/share/doc/git-doc/git-remote-testgit.txt
# install git-remote.txt /usr/local/git/share/doc/git-doc/git-remote.txt
# install git-repack.txt /usr/local/git/share/doc/git-doc/git-repack.txt
# install git-replace.txt /usr/local/git/share/doc/git-doc/git-replace.txt
# install git-request-pull.txt /usr/local/git/share/doc/git-doc/git-request-pull.txt
# install git-rerere.txt /usr/local/git/share/doc/git-doc/git-rerere.txt
# install git-reset.txt /usr/local/git/share/doc/git-doc/git-reset.txt
# install git-rev-list.txt /usr/local/git/share/doc/git-doc/git-rev-list.txt
# install git-rev-parse.txt /usr/local/git/share/doc/git-doc/git-rev-parse.txt
# install git-revert.txt /usr/local/git/share/doc/git-doc/git-revert.txt
# install git-rm.txt /usr/local/git/share/doc/git-doc/git-rm.txt
# install git-send-email.txt /usr/local/git/share/doc/git-doc/git-send-email.txt
# install git-send-pack.txt /usr/local/git/share/doc/git-doc/git-send-pack.txt
# install git-sh-i18n--envsubst.txt /usr/local/git/share/doc/git-doc/git-sh-i18n--envsubst.txt
# install git-sh-i18n.txt /usr/local/git/share/doc/git-doc/git-sh-i18n.txt
# install git-sh-setup.txt /usr/local/git/share/doc/git-doc/git-sh-setup.txt
# install git-shell.txt /usr/local/git/share/doc/git-doc/git-shell.txt
# install git-shortlog.txt /usr/local/git/share/doc/git-doc/git-shortlog.txt
# install git-show-branch.txt /usr/local/git/share/doc/git-doc/git-show-branch.txt
# install git-show-index.txt /usr/local/git/share/doc/git-doc/git-show-index.txt
# install git-show-ref.txt /usr/local/git/share/doc/git-doc/git-show-ref.txt
# install git-show.txt /usr/local/git/share/doc/git-doc/git-show.txt
# install git-stage.txt /usr/local/git/share/doc/git-doc/git-stage.txt
# install git-stash.txt /usr/local/git/share/doc/git-doc/git-stash.txt
# install git-status.txt /usr/local/git/share/doc/git-doc/git-status.txt
# install git-stripspace.txt /usr/local/git/share/doc/git-doc/git-stripspace.txt
# install git-submodule.txt /usr/local/git/share/doc/git-doc/git-submodule.txt
# install git-svn.txt /usr/local/git/share/doc/git-doc/git-svn.txt
# install git-symbolic-ref.txt /usr/local/git/share/doc/git-doc/git-symbolic-ref.txt
# install git-tag.txt /usr/local/git/share/doc/git-doc/git-tag.txt
# install git-tools.txt /usr/local/git/share/doc/git-doc/git-tools.txt
# install git-unpack-file.txt /usr/local/git/share/doc/git-doc/git-unpack-file.txt
# install git-unpack-objects.txt /usr/local/git/share/doc/git-doc/git-unpack-objects.txt
# install git-update-index.txt /usr/local/git/share/doc/git-doc/git-update-index.txt
# install git-update-ref.txt /usr/local/git/share/doc/git-doc/git-update-ref.txt
# install git-update-server-info.txt /usr/local/git/share/doc/git-doc/git-update-server-info.txt
# install git-upload-archive.txt /usr/local/git/share/doc/git-doc/git-upload-archive.txt
# install git-upload-pack.txt /usr/local/git/share/doc/git-doc/git-upload-pack.txt
# install git-var.txt /usr/local/git/share/doc/git-doc/git-var.txt
# install git-verify-commit.txt /usr/local/git/share/doc/git-doc/git-verify-commit.txt
# install git-verify-pack.txt /usr/local/git/share/doc/git-doc/git-verify-pack.txt
# install git-verify-tag.txt /usr/local/git/share/doc/git-doc/git-verify-tag.txt
# install git-web--browse.txt /usr/local/git/share/doc/git-doc/git-web--browse.txt
# install git-whatchanged.txt /usr/local/git/share/doc/git-doc/git-whatchanged.txt
# install git-worktree.txt /usr/local/git/share/doc/git-doc/git-worktree.txt
# install git-write-tree.txt /usr/local/git/share/doc/git-doc/git-write-tree.txt
# install git.txt /usr/local/git/share/doc/git-doc/git.txt
# install gitattributes.txt /usr/local/git/share/doc/git-doc/gitattributes.txt
# install gitcli.txt /usr/local/git/share/doc/git-doc/gitcli.txt
# install gitcore-tutorial.txt /usr/local/git/share/doc/git-doc/gitcore-tutorial.txt
# install gitcredentials.txt /usr/local/git/share/doc/git-doc/gitcredentials.txt
# install gitcvs-migration.txt /usr/local/git/share/doc/git-doc/gitcvs-migration.txt
# install gitdiffcore.txt /usr/local/git/share/doc/git-doc/gitdiffcore.txt
# install giteveryday.txt /usr/local/git/share/doc/git-doc/giteveryday.txt
# install gitglossary.txt /usr/local/git/share/doc/git-doc/gitglossary.txt
# install githooks.txt /usr/local/git/share/doc/git-doc/githooks.txt
# install gitignore.txt /usr/local/git/share/doc/git-doc/gitignore.txt
# install gitk.txt /usr/local/git/share/doc/git-doc/gitk.txt
# install gitmodules.txt /usr/local/git/share/doc/git-doc/gitmodules.txt
# install gitnamespaces.txt /usr/local/git/share/doc/git-doc/gitnamespaces.txt
# install gitremote-helpers.txt /usr/local/git/share/doc/git-doc/gitremote-helpers.txt
# install gitrepository-layout.txt /usr/local/git/share/doc/git-doc/gitrepository-layout.txt
# install gitrevisions.txt /usr/local/git/share/doc/git-doc/gitrevisions.txt
# install gittutorial-2.txt /usr/local/git/share/doc/git-doc/gittutorial-2.txt
# install gittutorial.txt /usr/local/git/share/doc/git-doc/gittutorial.txt
# install gitweb.conf.txt /usr/local/git/share/doc/git-doc/gitweb.conf.txt
# install gitweb.txt /usr/local/git/share/doc/git-doc/gitweb.txt
# install gitworkflows.txt /usr/local/git/share/doc/git-doc/gitworkflows.txt
# install glossary-content.txt /usr/local/git/share/doc/git-doc/glossary-content.txt
# install howto-index.txt /usr/local/git/share/doc/git-doc/howto-index.txt
# install i18n.txt /usr/local/git/share/doc/git-doc/i18n.txt
# install line-range-format.txt /usr/local/git/share/doc/git-doc/line-range-format.txt
# install mailmap.txt /usr/local/git/share/doc/git-doc/mailmap.txt
# install merge-config.txt /usr/local/git/share/doc/git-doc/merge-config.txt
# install merge-options.txt /usr/local/git/share/doc/git-doc/merge-options.txt
# install merge-strategies.txt /usr/local/git/share/doc/git-doc/merge-strategies.txt
# install mergetools-diff.txt /usr/local/git/share/doc/git-doc/mergetools-diff.txt
# install mergetools-merge.txt /usr/local/git/share/doc/git-doc/mergetools-merge.txt
# install pretty-formats.txt /usr/local/git/share/doc/git-doc/pretty-formats.txt
# install pretty-options.txt /usr/local/git/share/doc/git-doc/pretty-options.txt
# install pull-fetch-param.txt /usr/local/git/share/doc/git-doc/pull-fetch-param.txt
# install rev-list-options.txt /usr/local/git/share/doc/git-doc/rev-list-options.txt
# install revisions.txt /usr/local/git/share/doc/git-doc/revisions.txt
# install sequencer.txt /usr/local/git/share/doc/git-doc/sequencer.txt
# install transfer-data-leaks.txt /usr/local/git/share/doc/git-doc/transfer-data-leaks.txt
# install urls-remotes.txt /usr/local/git/share/doc/git-doc/urls-remotes.txt
# install urls.txt /usr/local/git/share/doc/git-doc/urls.txt
# install user-manual.txt /usr/local/git/share/doc/git-doc/user-manual.txt
# install everyday.html /usr/local/git/share/doc/git-doc/everyday.html
# install git-add.html /usr/local/git/share/doc/git-doc/git-add.html
# install git-am.html /usr/local/git/share/doc/git-doc/git-am.html
# install git-annotate.html /usr/local/git/share/doc/git-doc/git-annotate.html
# install git-apply.html /usr/local/git/share/doc/git-doc/git-apply.html
# install git-archimport.html /usr/local/git/share/doc/git-doc/git-archimport.html
# install git-archive.html /usr/local/git/share/doc/git-doc/git-archive.html
# install git-bisect-lk2009.html /usr/local/git/share/doc/git-doc/git-bisect-lk2009.html
# install git-bisect.html /usr/local/git/share/doc/git-doc/git-bisect.html
# install git-blame.html /usr/local/git/share/doc/git-doc/git-blame.html
# install git-branch.html /usr/local/git/share/doc/git-doc/git-branch.html
# install git-bundle.html /usr/local/git/share/doc/git-doc/git-bundle.html
# install git-cat-file.html /usr/local/git/share/doc/git-doc/git-cat-file.html
# install git-check-attr.html /usr/local/git/share/doc/git-doc/git-check-attr.html
# install git-check-ignore.html /usr/local/git/share/doc/git-doc/git-check-ignore.html
# install git-check-mailmap.html /usr/local/git/share/doc/git-doc/git-check-mailmap.html
# install git-check-ref-format.html /usr/local/git/share/doc/git-doc/git-check-ref-format.html
# install git-checkout-index.html /usr/local/git/share/doc/git-doc/git-checkout-index.html
# install git-checkout.html /usr/local/git/share/doc/git-doc/git-checkout.html
# install git-cherry-pick.html /usr/local/git/share/doc/git-doc/git-cherry-pick.html
# install git-cherry.html /usr/local/git/share/doc/git-doc/git-cherry.html
# install git-citool.html /usr/local/git/share/doc/git-doc/git-citool.html
# install git-clean.html /usr/local/git/share/doc/git-doc/git-clean.html
# install git-clone.html /usr/local/git/share/doc/git-doc/git-clone.html
# install git-column.html /usr/local/git/share/doc/git-doc/git-column.html
# install git-commit-tree.html /usr/local/git/share/doc/git-doc/git-commit-tree.html
# install git-commit.html /usr/local/git/share/doc/git-doc/git-commit.html
# install git-config.html /usr/local/git/share/doc/git-doc/git-config.html
# install git-count-objects.html /usr/local/git/share/doc/git-doc/git-count-objects.html
# install git-credential-cache--daemon.html /usr/local/git/share/doc/git-doc/git-credential-cache--daemon.html
# install git-credential-cache.html /usr/local/git/share/doc/git-doc/git-credential-cache.html
# install git-credential-store.html /usr/local/git/share/doc/git-doc/git-credential-store.html
# install git-credential.html /usr/local/git/share/doc/git-doc/git-credential.html
# install git-cvsexportcommit.html /usr/local/git/share/doc/git-doc/git-cvsexportcommit.html
# install git-cvsimport.html /usr/local/git/share/doc/git-doc/git-cvsimport.html
# install git-cvsserver.html /usr/local/git/share/doc/git-doc/git-cvsserver.html
# install git-daemon.html /usr/local/git/share/doc/git-doc/git-daemon.html
# install git-describe.html /usr/local/git/share/doc/git-doc/git-describe.html
# install git-diff-files.html /usr/local/git/share/doc/git-doc/git-diff-files.html
# install git-diff-index.html /usr/local/git/share/doc/git-doc/git-diff-index.html
# install git-diff-tree.html /usr/local/git/share/doc/git-doc/git-diff-tree.html
# install git-diff.html /usr/local/git/share/doc/git-doc/git-diff.html
# install git-difftool.html /usr/local/git/share/doc/git-doc/git-difftool.html
# install git-fast-export.html /usr/local/git/share/doc/git-doc/git-fast-export.html
# install git-fast-import.html /usr/local/git/share/doc/git-doc/git-fast-import.html
# install git-fetch-pack.html /usr/local/git/share/doc/git-doc/git-fetch-pack.html
# install git-fetch.html /usr/local/git/share/doc/git-doc/git-fetch.html
# install git-filter-branch.html /usr/local/git/share/doc/git-doc/git-filter-branch.html
# install git-fmt-merge-msg.html /usr/local/git/share/doc/git-doc/git-fmt-merge-msg.html
# install git-for-each-ref.html /usr/local/git/share/doc/git-doc/git-for-each-ref.html
# install git-format-patch.html /usr/local/git/share/doc/git-doc/git-format-patch.html
# install git-fsck-objects.html /usr/local/git/share/doc/git-doc/git-fsck-objects.html
# install git-fsck.html /usr/local/git/share/doc/git-doc/git-fsck.html
# install git-gc.html /usr/local/git/share/doc/git-doc/git-gc.html
# install git-get-tar-commit-id.html /usr/local/git/share/doc/git-doc/git-get-tar-commit-id.html
# install git-grep.html /usr/local/git/share/doc/git-doc/git-grep.html
# install git-gui.html /usr/local/git/share/doc/git-doc/git-gui.html
# install git-hash-object.html /usr/local/git/share/doc/git-doc/git-hash-object.html
# install git-help.html /usr/local/git/share/doc/git-doc/git-help.html
# install git-http-backend.html /usr/local/git/share/doc/git-doc/git-http-backend.html
# install git-http-fetch.html /usr/local/git/share/doc/git-doc/git-http-fetch.html
# install git-http-push.html /usr/local/git/share/doc/git-doc/git-http-push.html
# install git-imap-send.html /usr/local/git/share/doc/git-doc/git-imap-send.html
# install git-index-pack.html /usr/local/git/share/doc/git-doc/git-index-pack.html
# install git-init-db.html /usr/local/git/share/doc/git-doc/git-init-db.html
# install git-init.html /usr/local/git/share/doc/git-doc/git-init.html
# install git-instaweb.html /usr/local/git/share/doc/git-doc/git-instaweb.html
# install git-interpret-trailers.html /usr/local/git/share/doc/git-doc/git-interpret-trailers.html
# install git-log.html /usr/local/git/share/doc/git-doc/git-log.html
# install git-ls-files.html /usr/local/git/share/doc/git-doc/git-ls-files.html
# install git-ls-remote.html /usr/local/git/share/doc/git-doc/git-ls-remote.html
# install git-ls-tree.html /usr/local/git/share/doc/git-doc/git-ls-tree.html
# install git-mailinfo.html /usr/local/git/share/doc/git-doc/git-mailinfo.html
# install git-mailsplit.html /usr/local/git/share/doc/git-doc/git-mailsplit.html
# install git-merge-base.html /usr/local/git/share/doc/git-doc/git-merge-base.html
# install git-merge-file.html /usr/local/git/share/doc/git-doc/git-merge-file.html
# install git-merge-index.html /usr/local/git/share/doc/git-doc/git-merge-index.html
# install git-merge-one-file.html /usr/local/git/share/doc/git-doc/git-merge-one-file.html
# install git-merge-tree.html /usr/local/git/share/doc/git-doc/git-merge-tree.html
# install git-merge.html /usr/local/git/share/doc/git-doc/git-merge.html
# install git-mergetool--lib.html /usr/local/git/share/doc/git-doc/git-mergetool--lib.html
# install git-mergetool.html /usr/local/git/share/doc/git-doc/git-mergetool.html
# install git-mktag.html /usr/local/git/share/doc/git-doc/git-mktag.html
# install git-mktree.html /usr/local/git/share/doc/git-doc/git-mktree.html
# install git-mv.html /usr/local/git/share/doc/git-doc/git-mv.html
# install git-name-rev.html /usr/local/git/share/doc/git-doc/git-name-rev.html
# install git-notes.html /usr/local/git/share/doc/git-doc/git-notes.html
# install git-p4.html /usr/local/git/share/doc/git-doc/git-p4.html
# install git-pack-objects.html /usr/local/git/share/doc/git-doc/git-pack-objects.html
# install git-pack-redundant.html /usr/local/git/share/doc/git-doc/git-pack-redundant.html
# install git-pack-refs.html /usr/local/git/share/doc/git-doc/git-pack-refs.html
# install git-parse-remote.html /usr/local/git/share/doc/git-doc/git-parse-remote.html
# install git-patch-id.html /usr/local/git/share/doc/git-doc/git-patch-id.html
# install git-prune-packed.html /usr/local/git/share/doc/git-doc/git-prune-packed.html
# install git-prune.html /usr/local/git/share/doc/git-doc/git-prune.html
# install git-pull.html /usr/local/git/share/doc/git-doc/git-pull.html
# install git-push.html /usr/local/git/share/doc/git-doc/git-push.html
# install git-quiltimport.html /usr/local/git/share/doc/git-doc/git-quiltimport.html
# install git-read-tree.html /usr/local/git/share/doc/git-doc/git-read-tree.html
# install git-rebase.html /usr/local/git/share/doc/git-doc/git-rebase.html
# install git-receive-pack.html /usr/local/git/share/doc/git-doc/git-receive-pack.html
# install git-reflog.html /usr/local/git/share/doc/git-doc/git-reflog.html
# install git-remote-ext.html /usr/local/git/share/doc/git-doc/git-remote-ext.html
# install git-remote-fd.html /usr/local/git/share/doc/git-doc/git-remote-fd.html
# install git-remote-helpers.html /usr/local/git/share/doc/git-doc/git-remote-helpers.html
# install git-remote-testgit.html /usr/local/git/share/doc/git-doc/git-remote-testgit.html
# install git-remote.html /usr/local/git/share/doc/git-doc/git-remote.html
# install git-repack.html /usr/local/git/share/doc/git-doc/git-repack.html
# install git-replace.html /usr/local/git/share/doc/git-doc/git-replace.html
# install git-request-pull.html /usr/local/git/share/doc/git-doc/git-request-pull.html
# install git-rerere.html /usr/local/git/share/doc/git-doc/git-rerere.html
# install git-reset.html /usr/local/git/share/doc/git-doc/git-reset.html
# install git-rev-list.html /usr/local/git/share/doc/git-doc/git-rev-list.html
# install git-rev-parse.html /usr/local/git/share/doc/git-doc/git-rev-parse.html
# install git-revert.html /usr/local/git/share/doc/git-doc/git-revert.html
# install git-rm.html /usr/local/git/share/doc/git-doc/git-rm.html
# install git-send-email.html /usr/local/git/share/doc/git-doc/git-send-email.html
# install git-send-pack.html /usr/local/git/share/doc/git-doc/git-send-pack.html
# install git-sh-i18n--envsubst.html /usr/local/git/share/doc/git-doc/git-sh-i18n--envsubst.html
# install git-sh-i18n.html /usr/local/git/share/doc/git-doc/git-sh-i18n.html
# install git-sh-setup.html /usr/local/git/share/doc/git-doc/git-sh-setup.html
# install git-shell.html /usr/local/git/share/doc/git-doc/git-shell.html
# install git-shortlog.html /usr/local/git/share/doc/git-doc/git-shortlog.html
# install git-show-branch.html /usr/local/git/share/doc/git-doc/git-show-branch.html
# install git-show-index.html /usr/local/git/share/doc/git-doc/git-show-index.html
# install git-show-ref.html /usr/local/git/share/doc/git-doc/git-show-ref.html
# install git-show.html /usr/local/git/share/doc/git-doc/git-show.html
# install git-stage.html /usr/local/git/share/doc/git-doc/git-stage.html
# install git-stash.html /usr/local/git/share/doc/git-doc/git-stash.html
# install git-status.html /usr/local/git/share/doc/git-doc/git-status.html
# install git-stripspace.html /usr/local/git/share/doc/git-doc/git-stripspace.html
# install git-submodule.html /usr/local/git/share/doc/git-doc/git-submodule.html
# install git-svn.html /usr/local/git/share/doc/git-doc/git-svn.html
# install git-symbolic-ref.html /usr/local/git/share/doc/git-doc/git-symbolic-ref.html
# install git-tag.html /usr/local/git/share/doc/git-doc/git-tag.html
# install git-tools.html /usr/local/git/share/doc/git-doc/git-tools.html
# install git-unpack-file.html /usr/local/git/share/doc/git-doc/git-unpack-file.html
# install git-unpack-objects.html /usr/local/git/share/doc/git-doc/git-unpack-objects.html
# install git-update-index.html /usr/local/git/share/doc/git-doc/git-update-index.html
# install git-update-ref.html /usr/local/git/share/doc/git-doc/git-update-ref.html
# install git-update-server-info.html /usr/local/git/share/doc/git-doc/git-update-server-info.html
# install git-upload-archive.html /usr/local/git/share/doc/git-doc/git-upload-archive.html
# install git-upload-pack.html /usr/local/git/share/doc/git-doc/git-upload-pack.html
# install git-var.html /usr/local/git/share/doc/git-doc/git-var.html
# install git-verify-commit.html /usr/local/git/share/doc/git-doc/git-verify-commit.html
# install git-verify-pack.html /usr/local/git/share/doc/git-doc/git-verify-pack.html
# install git-verify-tag.html /usr/local/git/share/doc/git-doc/git-verify-tag.html
# install git-web--browse.html /usr/local/git/share/doc/git-doc/git-web--browse.html
# install git-whatchanged.html /usr/local/git/share/doc/git-doc/git-whatchanged.html
# install git-worktree.html /usr/local/git/share/doc/git-doc/git-worktree.html
# install git-write-tree.html /usr/local/git/share/doc/git-doc/git-write-tree.html
# install git.html /usr/local/git/share/doc/git-doc/git.html
# install gitattributes.html /usr/local/git/share/doc/git-doc/gitattributes.html
# install gitcli.html /usr/local/git/share/doc/git-doc/gitcli.html
# install gitcore-tutorial.html /usr/local/git/share/doc/git-doc/gitcore-tutorial.html
# install gitcredentials.html /usr/local/git/share/doc/git-doc/gitcredentials.html
# install gitcvs-migration.html /usr/local/git/share/doc/git-doc/gitcvs-migration.html
# install gitdiffcore.html /usr/local/git/share/doc/git-doc/gitdiffcore.html
# install giteveryday.html /usr/local/git/share/doc/git-doc/giteveryday.html
# install gitglossary.html /usr/local/git/share/doc/git-doc/gitglossary.html
# install githooks.html /usr/local/git/share/doc/git-doc/githooks.html
# install gitignore.html /usr/local/git/share/doc/git-doc/gitignore.html
# install gitk.html /usr/local/git/share/doc/git-doc/gitk.html
# install gitmodules.html /usr/local/git/share/doc/git-doc/gitmodules.html
# install gitnamespaces.html /usr/local/git/share/doc/git-doc/gitnamespaces.html
# install gitremote-helpers.html /usr/local/git/share/doc/git-doc/gitremote-helpers.html
# install gitrepository-layout.html /usr/local/git/share/doc/git-doc/gitrepository-layout.html
# install gitrevisions.html /usr/local/git/share/doc/git-doc/gitrevisions.html
# install gittutorial-2.html /usr/local/git/share/doc/git-doc/gittutorial-2.html
# install gittutorial.html /usr/local/git/share/doc/git-doc/gittutorial.html
# install gitweb.conf.html /usr/local/git/share/doc/git-doc/gitweb.conf.html
# install gitweb.html /usr/local/git/share/doc/git-doc/gitweb.html
# install gitworkflows.html /usr/local/git/share/doc/git-doc/gitworkflows.html
# install howto-index.html /usr/local/git/share/doc/git-doc/howto-index.html
# install user-manual.html /usr/local/git/share/doc/git-doc/user-manual.html
# install howto/keep-canonical-history-correct.txt /usr/local/git/share/doc/git-doc/howto/keep-canonical-history-correct.txt
# install howto/maintain-git.txt /usr/local/git/share/doc/git-doc/howto/maintain-git.txt
# install howto/new-command.txt /usr/local/git/share/doc/git-doc/howto/new-command.txt
# install howto/rebase-from-internal-branch.txt /usr/local/git/share/doc/git-doc/howto/rebase-from-internal-branch.txt
# install howto/rebuild-from-update-hook.txt /usr/local/git/share/doc/git-doc/howto/rebuild-from-update-hook.txt
# install howto/recover-corrupted-blob-object.txt /usr/local/git/share/doc/git-doc/howto/recover-corrupted-blob-object.txt
# install howto/recover-corrupted-object-harder.txt /usr/local/git/share/doc/git-doc/howto/recover-corrupted-object-harder.txt
# install howto/revert-a-faulty-merge.txt /usr/local/git/share/doc/git-doc/howto/revert-a-faulty-merge.txt
# install howto/revert-branch-rebase.txt /usr/local/git/share/doc/git-doc/howto/revert-branch-rebase.txt
# install howto/separating-topic-branches.txt /usr/local/git/share/doc/git-doc/howto/separating-topic-branches.txt
# install howto/setup-git-server-over-http.txt /usr/local/git/share/doc/git-doc/howto/setup-git-server-over-http.txt
# install howto/update-hook-example.txt /usr/local/git/share/doc/git-doc/howto/update-hook-example.txt
# install howto/use-git-daemon.txt /usr/local/git/share/doc/git-doc/howto/use-git-daemon.txt
# install howto/using-merge-subtree.txt /usr/local/git/share/doc/git-doc/howto/using-merge-subtree.txt
# install howto/using-signed-tag-in-pull-request.txt /usr/local/git/share/doc/git-doc/howto/using-signed-tag-in-pull-request.txt
# install howto/keep-canonical-history-correct.html /usr/local/git/share/doc/git-doc/howto/keep-canonical-history-correct.html
# install howto/maintain-git.html /usr/local/git/share/doc/git-doc/howto/maintain-git.html
# install howto/new-command.html /usr/local/git/share/doc/git-doc/howto/new-command.html
# install howto/rebase-from-internal-branch.html /usr/local/git/share/doc/git-doc/howto/rebase-from-internal-branch.html
# install howto/rebuild-from-update-hook.html /usr/local/git/share/doc/git-doc/howto/rebuild-from-update-hook.html
# install howto/recover-corrupted-blob-object.html /usr/local/git/share/doc/git-doc/howto/recover-corrupted-blob-object.html
# install howto/recover-corrupted-object-harder.html /usr/local/git/share/doc/git-doc/howto/recover-corrupted-object-harder.html
# install howto/revert-a-faulty-merge.html /usr/local/git/share/doc/git-doc/howto/revert-a-faulty-merge.html
# install howto/revert-branch-rebase.html /usr/local/git/share/doc/git-doc/howto/revert-branch-rebase.html
# install howto/separating-topic-branches.html /usr/local/git/share/doc/git-doc/howto/separating-topic-branches.html
# install howto/setup-git-server-over-http.html /usr/local/git/share/doc/git-doc/howto/setup-git-server-over-http.html
# install howto/update-hook-example.html /usr/local/git/share/doc/git-doc/howto/update-hook-example.html
# install howto/use-git-daemon.html /usr/local/git/share/doc/git-doc/howto/use-git-daemon.html
# install howto/using-merge-subtree.html /usr/local/git/share/doc/git-doc/howto/using-merge-subtree.html
# install howto/using-signed-tag-in-pull-request.html /usr/local/git/share/doc/git-doc/howto/using-signed-tag-in-pull-request.html
# install technical/api-allocation-growing.txt /usr/local/git/share/doc/git-doc/technical/api-allocation-growing.txt
# install technical/api-argv-array.txt /usr/local/git/share/doc/git-doc/technical/api-argv-array.txt
# install technical/api-builtin.txt /usr/local/git/share/doc/git-doc/technical/api-builtin.txt
# install technical/api-config.txt /usr/local/git/share/doc/git-doc/technical/api-config.txt
# install technical/api-credentials.txt /usr/local/git/share/doc/git-doc/technical/api-credentials.txt
# install technical/api-decorate.txt /usr/local/git/share/doc/git-doc/technical/api-decorate.txt
# install technical/api-diff.txt /usr/local/git/share/doc/git-doc/technical/api-diff.txt
# install technical/api-directory-listing.txt /usr/local/git/share/doc/git-doc/technical/api-directory-listing.txt
# install technical/api-error-handling.txt /usr/local/git/share/doc/git-doc/technical/api-error-handling.txt
# install technical/api-gitattributes.txt /usr/local/git/share/doc/git-doc/technical/api-gitattributes.txt
# install technical/api-grep.txt /usr/local/git/share/doc/git-doc/technical/api-grep.txt
# install technical/api-hashmap.txt /usr/local/git/share/doc/git-doc/technical/api-hashmap.txt
# install technical/api-history-graph.txt /usr/local/git/share/doc/git-doc/technical/api-history-graph.txt
# install technical/api-index-skel.txt /usr/local/git/share/doc/git-doc/technical/api-index-skel.txt
# install technical/api-index.txt /usr/local/git/share/doc/git-doc/technical/api-index.txt
# install technical/api-merge.txt /usr/local/git/share/doc/git-doc/technical/api-merge.txt
# install technical/api-object-access.txt /usr/local/git/share/doc/git-doc/technical/api-object-access.txt
# install technical/api-oid-array.txt /usr/local/git/share/doc/git-doc/technical/api-oid-array.txt
# install technical/api-parse-options.txt /usr/local/git/share/doc/git-doc/technical/api-parse-options.txt
# install technical/api-quote.txt /usr/local/git/share/doc/git-doc/technical/api-quote.txt
# install technical/api-ref-iteration.txt /usr/local/git/share/doc/git-doc/technical/api-ref-iteration.txt
# install technical/api-remote.txt /usr/local/git/share/doc/git-doc/technical/api-remote.txt
# install technical/api-revision-walking.txt /usr/local/git/share/doc/git-doc/technical/api-revision-walking.txt
# install technical/api-run-command.txt /usr/local/git/share/doc/git-doc/technical/api-run-command.txt
# install technical/api-setup.txt /usr/local/git/share/doc/git-doc/technical/api-setup.txt
# install technical/api-sigchain.txt /usr/local/git/share/doc/git-doc/technical/api-sigchain.txt
# install technical/api-string-list.txt /usr/local/git/share/doc/git-doc/technical/api-string-list.txt
# install technical/api-submodule-config.txt /usr/local/git/share/doc/git-doc/technical/api-submodule-config.txt
# install technical/api-trace.txt /usr/local/git/share/doc/git-doc/technical/api-trace.txt
# install technical/api-tree-walking.txt /usr/local/git/share/doc/git-doc/technical/api-tree-walking.txt
# install technical/api-xdiff-interface.txt /usr/local/git/share/doc/git-doc/technical/api-xdiff-interface.txt
# install technical/bitmap-format.txt /usr/local/git/share/doc/git-doc/technical/bitmap-format.txt
# install technical/http-protocol.txt /usr/local/git/share/doc/git-doc/technical/http-protocol.txt
# install technical/index-format.txt /usr/local/git/share/doc/git-doc/technical/index-format.txt
# install technical/pack-format.txt /usr/local/git/share/doc/git-doc/technical/pack-format.txt
# install technical/pack-heuristics.txt /usr/local/git/share/doc/git-doc/technical/pack-heuristics.txt
# install technical/pack-protocol.txt /usr/local/git/share/doc/git-doc/technical/pack-protocol.txt
# install technical/protocol-capabilities.txt /usr/local/git/share/doc/git-doc/technical/protocol-capabilities.txt
# install technical/protocol-common.txt /usr/local/git/share/doc/git-doc/technical/protocol-common.txt
# install technical/racy-git.txt /usr/local/git/share/doc/git-doc/technical/racy-git.txt
# install technical/repository-version.txt /usr/local/git/share/doc/git-doc/technical/repository-version.txt
# install technical/send-pack-pipeline.txt /usr/local/git/share/doc/git-doc/technical/send-pack-pipeline.txt
# install technical/shallow.txt /usr/local/git/share/doc/git-doc/technical/shallow.txt
# install technical/signature-format.txt /usr/local/git/share/doc/git-doc/technical/signature-format.txt
# install technical/trivial-merge.txt /usr/local/git/share/doc/git-doc/technical/trivial-merge.txt
# install technical/api-allocation-growing.html /usr/local/git/share/doc/git-doc/technical/api-allocation-growing.html
# install technical/api-argv-array.html /usr/local/git/share/doc/git-doc/technical/api-argv-array.html
# install technical/api-builtin.html /usr/local/git/share/doc/git-doc/technical/api-builtin.html
# install technical/api-config.html /usr/local/git/share/doc/git-doc/technical/api-config.html
# install technical/api-credentials.html /usr/local/git/share/doc/git-doc/technical/api-credentials.html
# install technical/api-decorate.html /usr/local/git/share/doc/git-doc/technical/api-decorate.html
# install technical/api-diff.html /usr/local/git/share/doc/git-doc/technical/api-diff.html
# install technical/api-directory-listing.html /usr/local/git/share/doc/git-doc/technical/api-directory-listing.html
# install technical/api-error-handling.html /usr/local/git/share/doc/git-doc/technical/api-error-handling.html
# install technical/api-gitattributes.html /usr/local/git/share/doc/git-doc/technical/api-gitattributes.html
# install technical/api-grep.html /usr/local/git/share/doc/git-doc/technical/api-grep.html
# install technical/api-hashmap.html /usr/local/git/share/doc/git-doc/technical/api-hashmap.html
# install technical/api-history-graph.html /usr/local/git/share/doc/git-doc/technical/api-history-graph.html
# install technical/api-index.html /usr/local/git/share/doc/git-doc/technical/api-index.html
# install technical/api-merge.html /usr/local/git/share/doc/git-doc/technical/api-merge.html
# install technical/api-object-access.html /usr/local/git/share/doc/git-doc/technical/api-object-access.html
# install technical/api-oid-array.html /usr/local/git/share/doc/git-doc/technical/api-oid-array.html
# install technical/api-parse-options.html /usr/local/git/share/doc/git-doc/technical/api-parse-options.html
# install technical/api-quote.html /usr/local/git/share/doc/git-doc/technical/api-quote.html
# install technical/api-ref-iteration.html /usr/local/git/share/doc/git-doc/technical/api-ref-iteration.html
# install technical/api-remote.html /usr/local/git/share/doc/git-doc/technical/api-remote.html
# install technical/api-revision-walking.html /usr/local/git/share/doc/git-doc/technical/api-revision-walking.html
# install technical/api-run-command.html /usr/local/git/share/doc/git-doc/technical/api-run-command.html
# install technical/api-setup.html /usr/local/git/share/doc/git-doc/technical/api-setup.html
# install technical/api-sigchain.html /usr/local/git/share/doc/git-doc/technical/api-sigchain.html
# install technical/api-string-list.html /usr/local/git/share/doc/git-doc/technical/api-string-list.html
# install technical/api-submodule-config.html /usr/local/git/share/doc/git-doc/technical/api-submodule-config.html
# install technical/api-trace.html /usr/local/git/share/doc/git-doc/technical/api-trace.html
# install technical/api-tree-walking.html /usr/local/git/share/doc/git-doc/technical/api-tree-walking.html
# install technical/api-xdiff-interface.html /usr/local/git/share/doc/git-doc/technical/api-xdiff-interface.html
# install technical/http-protocol.html /usr/local/git/share/doc/git-doc/technical/http-protocol.html
# install technical/index-format.html /usr/local/git/share/doc/git-doc/technical/index-format.html
# install technical/pack-format.html /usr/local/git/share/doc/git-doc/technical/pack-format.html
# install technical/pack-heuristics.html /usr/local/git/share/doc/git-doc/technical/pack-heuristics.html
# install technical/pack-protocol.html /usr/local/git/share/doc/git-doc/technical/pack-protocol.html
# install technical/protocol-capabilities.html /usr/local/git/share/doc/git-doc/technical/protocol-capabilities.html
# install technical/protocol-common.html /usr/local/git/share/doc/git-doc/technical/protocol-common.html
# install technical/racy-git.html /usr/local/git/share/doc/git-doc/technical/racy-git.html
# install technical/send-pack-pipeline.html /usr/local/git/share/doc/git-doc/technical/send-pack-pipeline.html
# install technical/shallow.html /usr/local/git/share/doc/git-doc/technical/shallow.html
# install technical/signature-format.html /usr/local/git/share/doc/git-doc/technical/signature-format.html
# install technical/trivial-merge.html /usr/local/git/share/doc/git-doc/technical/trivial-merge.html
# install RelNotes/1.5.0.1.txt /usr/local/git/share/doc/git-doc/RelNotes/1.5.0.1.txt
# install RelNotes/1.5.0.2.txt /usr/local/git/share/doc/git-doc/RelNotes/1.5.0.2.txt
# install RelNotes/1.5.0.3.txt /usr/local/git/share/doc/git-doc/RelNotes/1.5.0.3.txt
# install RelNotes/1.5.0.4.txt /usr/local/git/share/doc/git-doc/RelNotes/1.5.0.4.txt
# install RelNotes/1.5.0.5.txt /usr/local/git/share/doc/git-doc/RelNotes/1.5.0.5.txt
# install RelNotes/1.5.0.6.txt /usr/local/git/share/doc/git-doc/RelNotes/1.5.0.6.txt
# install RelNotes/1.5.0.7.txt /usr/local/git/share/doc/git-doc/RelNotes/1.5.0.7.txt
# install RelNotes/1.5.0.txt /usr/local/git/share/doc/git-doc/RelNotes/1.5.0.txt
# install RelNotes/1.5.1.1.txt /usr/local/git/share/doc/git-doc/RelNotes/1.5.1.1.txt
# install RelNotes/1.5.1.2.txt /usr/local/git/share/doc/git-doc/RelNotes/1.5.1.2.txt
# install RelNotes/1.5.1.3.txt /usr/local/git/share/doc/git-doc/RelNotes/1.5.1.3.txt
# install RelNotes/1.5.1.4.txt /usr/local/git/share/doc/git-doc/RelNotes/1.5.1.4.txt
# install RelNotes/1.5.1.5.txt /usr/local/git/share/doc/git-doc/RelNotes/1.5.1.5.txt
# install RelNotes/1.5.1.6.txt /usr/local/git/share/doc/git-doc/RelNotes/1.5.1.6.txt
# install RelNotes/1.5.1.txt /usr/local/git/share/doc/git-doc/RelNotes/1.5.1.txt
# install RelNotes/1.5.2.1.txt /usr/local/git/share/doc/git-doc/RelNotes/1.5.2.1.txt
# install RelNotes/1.5.2.2.txt /usr/local/git/share/doc/git-doc/RelNotes/1.5.2.2.txt
# install RelNotes/1.5.2.3.txt /usr/local/git/share/doc/git-doc/RelNotes/1.5.2.3.txt
# install RelNotes/1.5.2.4.txt /usr/local/git/share/doc/git-doc/RelNotes/1.5.2.4.txt
# install RelNotes/1.5.2.5.txt /usr/local/git/share/doc/git-doc/RelNotes/1.5.2.5.txt
# install RelNotes/1.5.2.txt /usr/local/git/share/doc/git-doc/RelNotes/1.5.2.txt
# install RelNotes/1.5.3.1.txt /usr/local/git/share/doc/git-doc/RelNotes/1.5.3.1.txt
# install RelNotes/1.5.3.2.txt /usr/local/git/share/doc/git-doc/RelNotes/1.5.3.2.txt
# install RelNotes/1.5.3.3.txt /usr/local/git/share/doc/git-doc/RelNotes/1.5.3.3.txt
# install RelNotes/1.5.3.4.txt /usr/local/git/share/doc/git-doc/RelNotes/1.5.3.4.txt
# install RelNotes/1.5.3.5.txt /usr/local/git/share/doc/git-doc/RelNotes/1.5.3.5.txt
# install RelNotes/1.5.3.6.txt /usr/local/git/share/doc/git-doc/RelNotes/1.5.3.6.txt
# install RelNotes/1.5.3.7.txt /usr/local/git/share/doc/git-doc/RelNotes/1.5.3.7.txt
# install RelNotes/1.5.3.8.txt /usr/local/git/share/doc/git-doc/RelNotes/1.5.3.8.txt
# install RelNotes/1.5.3.txt /usr/local/git/share/doc/git-doc/RelNotes/1.5.3.txt
# install RelNotes/1.5.4.1.txt /usr/local/git/share/doc/git-doc/RelNotes/1.5.4.1.txt
# install RelNotes/1.5.4.2.txt /usr/local/git/share/doc/git-doc/RelNotes/1.5.4.2.txt
# install RelNotes/1.5.4.3.txt /usr/local/git/share/doc/git-doc/RelNotes/1.5.4.3.txt
# install RelNotes/1.5.4.4.txt /usr/local/git/share/doc/git-doc/RelNotes/1.5.4.4.txt
# install RelNotes/1.5.4.5.txt /usr/local/git/share/doc/git-doc/RelNotes/1.5.4.5.txt
# install RelNotes/1.5.4.6.txt /usr/local/git/share/doc/git-doc/RelNotes/1.5.4.6.txt
# install RelNotes/1.5.4.7.txt /usr/local/git/share/doc/git-doc/RelNotes/1.5.4.7.txt
# install RelNotes/1.5.4.txt /usr/local/git/share/doc/git-doc/RelNotes/1.5.4.txt
# install RelNotes/1.5.5.1.txt /usr/local/git/share/doc/git-doc/RelNotes/1.5.5.1.txt
# install RelNotes/1.5.5.2.txt /usr/local/git/share/doc/git-doc/RelNotes/1.5.5.2.txt
# install RelNotes/1.5.5.3.txt /usr/local/git/share/doc/git-doc/RelNotes/1.5.5.3.txt
# install RelNotes/1.5.5.4.txt /usr/local/git/share/doc/git-doc/RelNotes/1.5.5.4.txt
# install RelNotes/1.5.5.5.txt /usr/local/git/share/doc/git-doc/RelNotes/1.5.5.5.txt
# install RelNotes/1.5.5.6.txt /usr/local/git/share/doc/git-doc/RelNotes/1.5.5.6.txt
# install RelNotes/1.5.5.txt /usr/local/git/share/doc/git-doc/RelNotes/1.5.5.txt
# install RelNotes/1.5.6.1.txt /usr/local/git/share/doc/git-doc/RelNotes/1.5.6.1.txt
# install RelNotes/1.5.6.2.txt /usr/local/git/share/doc/git-doc/RelNotes/1.5.6.2.txt
# install RelNotes/1.5.6.3.txt /usr/local/git/share/doc/git-doc/RelNotes/1.5.6.3.txt
# install RelNotes/1.5.6.4.txt /usr/local/git/share/doc/git-doc/RelNotes/1.5.6.4.txt
# install RelNotes/1.5.6.5.txt /usr/local/git/share/doc/git-doc/RelNotes/1.5.6.5.txt
# install RelNotes/1.5.6.6.txt /usr/local/git/share/doc/git-doc/RelNotes/1.5.6.6.txt
# install RelNotes/1.5.6.txt /usr/local/git/share/doc/git-doc/RelNotes/1.5.6.txt
# install RelNotes/1.6.0.1.txt /usr/local/git/share/doc/git-doc/RelNotes/1.6.0.1.txt
# install RelNotes/1.6.0.2.txt /usr/local/git/share/doc/git-doc/RelNotes/1.6.0.2.txt
# install RelNotes/1.6.0.3.txt /usr/local/git/share/doc/git-doc/RelNotes/1.6.0.3.txt
# install RelNotes/1.6.0.4.txt /usr/local/git/share/doc/git-doc/RelNotes/1.6.0.4.txt
# install RelNotes/1.6.0.5.txt /usr/local/git/share/doc/git-doc/RelNotes/1.6.0.5.txt
# install RelNotes/1.6.0.6.txt /usr/local/git/share/doc/git-doc/RelNotes/1.6.0.6.txt
# install RelNotes/1.6.0.txt /usr/local/git/share/doc/git-doc/RelNotes/1.6.0.txt
# install RelNotes/1.6.1.1.txt /usr/local/git/share/doc/git-doc/RelNotes/1.6.1.1.txt
# install RelNotes/1.6.1.2.txt /usr/local/git/share/doc/git-doc/RelNotes/1.6.1.2.txt
# install RelNotes/1.6.1.3.txt /usr/local/git/share/doc/git-doc/RelNotes/1.6.1.3.txt
# install RelNotes/1.6.1.4.txt /usr/local/git/share/doc/git-doc/RelNotes/1.6.1.4.txt
# install RelNotes/1.6.1.txt /usr/local/git/share/doc/git-doc/RelNotes/1.6.1.txt
# install RelNotes/1.6.2.1.txt /usr/local/git/share/doc/git-doc/RelNotes/1.6.2.1.txt
# install RelNotes/1.6.2.2.txt /usr/local/git/share/doc/git-doc/RelNotes/1.6.2.2.txt
# install RelNotes/1.6.2.3.txt /usr/local/git/share/doc/git-doc/RelNotes/1.6.2.3.txt
# install RelNotes/1.6.2.4.txt /usr/local/git/share/doc/git-doc/RelNotes/1.6.2.4.txt
# install RelNotes/1.6.2.5.txt /usr/local/git/share/doc/git-doc/RelNotes/1.6.2.5.txt
# install RelNotes/1.6.2.txt /usr/local/git/share/doc/git-doc/RelNotes/1.6.2.txt
# install RelNotes/1.6.3.1.txt /usr/local/git/share/doc/git-doc/RelNotes/1.6.3.1.txt
# install RelNotes/1.6.3.2.txt /usr/local/git/share/doc/git-doc/RelNotes/1.6.3.2.txt
# install RelNotes/1.6.3.3.txt /usr/local/git/share/doc/git-doc/RelNotes/1.6.3.3.txt
# install RelNotes/1.6.3.4.txt /usr/local/git/share/doc/git-doc/RelNotes/1.6.3.4.txt
# install RelNotes/1.6.3.txt /usr/local/git/share/doc/git-doc/RelNotes/1.6.3.txt
# install RelNotes/1.6.4.1.txt /usr/local/git/share/doc/git-doc/RelNotes/1.6.4.1.txt
# install RelNotes/1.6.4.2.txt /usr/local/git/share/doc/git-doc/RelNotes/1.6.4.2.txt
# install RelNotes/1.6.4.3.txt /usr/local/git/share/doc/git-doc/RelNotes/1.6.4.3.txt
# install RelNotes/1.6.4.4.txt /usr/local/git/share/doc/git-doc/RelNotes/1.6.4.4.txt
# install RelNotes/1.6.4.5.txt /usr/local/git/share/doc/git-doc/RelNotes/1.6.4.5.txt
# install RelNotes/1.6.4.txt /usr/local/git/share/doc/git-doc/RelNotes/1.6.4.txt
# install RelNotes/1.6.5.1.txt /usr/local/git/share/doc/git-doc/RelNotes/1.6.5.1.txt
# install RelNotes/1.6.5.2.txt /usr/local/git/share/doc/git-doc/RelNotes/1.6.5.2.txt
# install RelNotes/1.6.5.3.txt /usr/local/git/share/doc/git-doc/RelNotes/1.6.5.3.txt
# install RelNotes/1.6.5.4.txt /usr/local/git/share/doc/git-doc/RelNotes/1.6.5.4.txt
# install RelNotes/1.6.5.5.txt /usr/local/git/share/doc/git-doc/RelNotes/1.6.5.5.txt
# install RelNotes/1.6.5.6.txt /usr/local/git/share/doc/git-doc/RelNotes/1.6.5.6.txt
# install RelNotes/1.6.5.7.txt /usr/local/git/share/doc/git-doc/RelNotes/1.6.5.7.txt
# install RelNotes/1.6.5.8.txt /usr/local/git/share/doc/git-doc/RelNotes/1.6.5.8.txt
# install RelNotes/1.6.5.9.txt /usr/local/git/share/doc/git-doc/RelNotes/1.6.5.9.txt
# install RelNotes/1.6.5.txt /usr/local/git/share/doc/git-doc/RelNotes/1.6.5.txt
# install RelNotes/1.6.6.1.txt /usr/local/git/share/doc/git-doc/RelNotes/1.6.6.1.txt
# install RelNotes/1.6.6.2.txt /usr/local/git/share/doc/git-doc/RelNotes/1.6.6.2.txt
# install RelNotes/1.6.6.3.txt /usr/local/git/share/doc/git-doc/RelNotes/1.6.6.3.txt
# install RelNotes/1.6.6.txt /usr/local/git/share/doc/git-doc/RelNotes/1.6.6.txt
# install RelNotes/1.7.0.1.txt /usr/local/git/share/doc/git-doc/RelNotes/1.7.0.1.txt
# install RelNotes/1.7.0.2.txt /usr/local/git/share/doc/git-doc/RelNotes/1.7.0.2.txt
# install RelNotes/1.7.0.3.txt /usr/local/git/share/doc/git-doc/RelNotes/1.7.0.3.txt
# install RelNotes/1.7.0.4.txt /usr/local/git/share/doc/git-doc/RelNotes/1.7.0.4.txt
# install RelNotes/1.7.0.5.txt /usr/local/git/share/doc/git-doc/RelNotes/1.7.0.5.txt
# install RelNotes/1.7.0.6.txt /usr/local/git/share/doc/git-doc/RelNotes/1.7.0.6.txt
# install RelNotes/1.7.0.7.txt /usr/local/git/share/doc/git-doc/RelNotes/1.7.0.7.txt
# install RelNotes/1.7.0.8.txt /usr/local/git/share/doc/git-doc/RelNotes/1.7.0.8.txt
# install RelNotes/1.7.0.9.txt /usr/local/git/share/doc/git-doc/RelNotes/1.7.0.9.txt
# install RelNotes/1.7.0.txt /usr/local/git/share/doc/git-doc/RelNotes/1.7.0.txt
# install RelNotes/1.7.1.1.txt /usr/local/git/share/doc/git-doc/RelNotes/1.7.1.1.txt
# install RelNotes/1.7.1.2.txt /usr/local/git/share/doc/git-doc/RelNotes/1.7.1.2.txt
# install RelNotes/1.7.1.3.txt /usr/local/git/share/doc/git-doc/RelNotes/1.7.1.3.txt
# install RelNotes/1.7.1.4.txt /usr/local/git/share/doc/git-doc/RelNotes/1.7.1.4.txt
# install RelNotes/1.7.1.txt /usr/local/git/share/doc/git-doc/RelNotes/1.7.1.txt
# install RelNotes/1.7.10.1.txt /usr/local/git/share/doc/git-doc/RelNotes/1.7.10.1.txt
# install RelNotes/1.7.10.2.txt /usr/local/git/share/doc/git-doc/RelNotes/1.7.10.2.txt
# install RelNotes/1.7.10.3.txt /usr/local/git/share/doc/git-doc/RelNotes/1.7.10.3.txt
# install RelNotes/1.7.10.4.txt /usr/local/git/share/doc/git-doc/RelNotes/1.7.10.4.txt
# install RelNotes/1.7.10.5.txt /usr/local/git/share/doc/git-doc/RelNotes/1.7.10.5.txt
# install RelNotes/1.7.10.txt /usr/local/git/share/doc/git-doc/RelNotes/1.7.10.txt
# install RelNotes/1.7.11.1.txt /usr/local/git/share/doc/git-doc/RelNotes/1.7.11.1.txt
# install RelNotes/1.7.11.2.txt /usr/local/git/share/doc/git-doc/RelNotes/1.7.11.2.txt
# install RelNotes/1.7.11.3.txt /usr/local/git/share/doc/git-doc/RelNotes/1.7.11.3.txt
# install RelNotes/1.7.11.4.txt /usr/local/git/share/doc/git-doc/RelNotes/1.7.11.4.txt
# install RelNotes/1.7.11.5.txt /usr/local/git/share/doc/git-doc/RelNotes/1.7.11.5.txt
# install RelNotes/1.7.11.6.txt /usr/local/git/share/doc/git-doc/RelNotes/1.7.11.6.txt
# install RelNotes/1.7.11.7.txt /usr/local/git/share/doc/git-doc/RelNotes/1.7.11.7.txt
# install RelNotes/1.7.11.txt /usr/local/git/share/doc/git-doc/RelNotes/1.7.11.txt
# install RelNotes/1.7.12.1.txt /usr/local/git/share/doc/git-doc/RelNotes/1.7.12.1.txt
# install RelNotes/1.7.12.2.txt /usr/local/git/share/doc/git-doc/RelNotes/1.7.12.2.txt
# install RelNotes/1.7.12.3.txt /usr/local/git/share/doc/git-doc/RelNotes/1.7.12.3.txt
# install RelNotes/1.7.12.4.txt /usr/local/git/share/doc/git-doc/RelNotes/1.7.12.4.txt
# install RelNotes/1.7.12.txt /usr/local/git/share/doc/git-doc/RelNotes/1.7.12.txt
# install RelNotes/1.7.2.1.txt /usr/local/git/share/doc/git-doc/RelNotes/1.7.2.1.txt
# install RelNotes/1.7.2.2.txt /usr/local/git/share/doc/git-doc/RelNotes/1.7.2.2.txt
# install RelNotes/1.7.2.3.txt /usr/local/git/share/doc/git-doc/RelNotes/1.7.2.3.txt
# install RelNotes/1.7.2.4.txt /usr/local/git/share/doc/git-doc/RelNotes/1.7.2.4.txt
# install RelNotes/1.7.2.5.txt /usr/local/git/share/doc/git-doc/RelNotes/1.7.2.5.txt
# install RelNotes/1.7.2.txt /usr/local/git/share/doc/git-doc/RelNotes/1.7.2.txt
# install RelNotes/1.7.3.1.txt /usr/local/git/share/doc/git-doc/RelNotes/1.7.3.1.txt
# install RelNotes/1.7.3.2.txt /usr/local/git/share/doc/git-doc/RelNotes/1.7.3.2.txt
# install RelNotes/1.7.3.3.txt /usr/local/git/share/doc/git-doc/RelNotes/1.7.3.3.txt
# install RelNotes/1.7.3.4.txt /usr/local/git/share/doc/git-doc/RelNotes/1.7.3.4.txt
# install RelNotes/1.7.3.5.txt /usr/local/git/share/doc/git-doc/RelNotes/1.7.3.5.txt
# install RelNotes/1.7.3.txt /usr/local/git/share/doc/git-doc/RelNotes/1.7.3.txt
# install RelNotes/1.7.4.1.txt /usr/local/git/share/doc/git-doc/RelNotes/1.7.4.1.txt
# install RelNotes/1.7.4.2.txt /usr/local/git/share/doc/git-doc/RelNotes/1.7.4.2.txt
# install RelNotes/1.7.4.3.txt /usr/local/git/share/doc/git-doc/RelNotes/1.7.4.3.txt
# install RelNotes/1.7.4.4.txt /usr/local/git/share/doc/git-doc/RelNotes/1.7.4.4.txt
# install RelNotes/1.7.4.5.txt /usr/local/git/share/doc/git-doc/RelNotes/1.7.4.5.txt
# install RelNotes/1.7.4.txt /usr/local/git/share/doc/git-doc/RelNotes/1.7.4.txt
# install RelNotes/1.7.5.1.txt /usr/local/git/share/doc/git-doc/RelNotes/1.7.5.1.txt
# install RelNotes/1.7.5.2.txt /usr/local/git/share/doc/git-doc/RelNotes/1.7.5.2.txt
# install RelNotes/1.7.5.3.txt /usr/local/git/share/doc/git-doc/RelNotes/1.7.5.3.txt
# install RelNotes/1.7.5.4.txt /usr/local/git/share/doc/git-doc/RelNotes/1.7.5.4.txt
# install RelNotes/1.7.5.txt /usr/local/git/share/doc/git-doc/RelNotes/1.7.5.txt
# install RelNotes/1.7.6.1.txt /usr/local/git/share/doc/git-doc/RelNotes/1.7.6.1.txt
# install RelNotes/1.7.6.2.txt /usr/local/git/share/doc/git-doc/RelNotes/1.7.6.2.txt
# install RelNotes/1.7.6.3.txt /usr/local/git/share/doc/git-doc/RelNotes/1.7.6.3.txt
# install RelNotes/1.7.6.4.txt /usr/local/git/share/doc/git-doc/RelNotes/1.7.6.4.txt
# install RelNotes/1.7.6.5.txt /usr/local/git/share/doc/git-doc/RelNotes/1.7.6.5.txt
# install RelNotes/1.7.6.6.txt /usr/local/git/share/doc/git-doc/RelNotes/1.7.6.6.txt
# install RelNotes/1.7.6.txt /usr/local/git/share/doc/git-doc/RelNotes/1.7.6.txt
# install RelNotes/1.7.7.1.txt /usr/local/git/share/doc/git-doc/RelNotes/1.7.7.1.txt
# install RelNotes/1.7.7.2.txt /usr/local/git/share/doc/git-doc/RelNotes/1.7.7.2.txt
# install RelNotes/1.7.7.3.txt /usr/local/git/share/doc/git-doc/RelNotes/1.7.7.3.txt
# install RelNotes/1.7.7.4.txt /usr/local/git/share/doc/git-doc/RelNotes/1.7.7.4.txt
# install RelNotes/1.7.7.5.txt /usr/local/git/share/doc/git-doc/RelNotes/1.7.7.5.txt
# install RelNotes/1.7.7.6.txt /usr/local/git/share/doc/git-doc/RelNotes/1.7.7.6.txt
# install RelNotes/1.7.7.7.txt /usr/local/git/share/doc/git-doc/RelNotes/1.7.7.7.txt
# install RelNotes/1.7.7.txt /usr/local/git/share/doc/git-doc/RelNotes/1.7.7.txt
# install RelNotes/1.7.8.1.txt /usr/local/git/share/doc/git-doc/RelNotes/1.7.8.1.txt
# install RelNotes/1.7.8.2.txt /usr/local/git/share/doc/git-doc/RelNotes/1.7.8.2.txt
# install RelNotes/1.7.8.3.txt /usr/local/git/share/doc/git-doc/RelNotes/1.7.8.3.txt
# install RelNotes/1.7.8.4.txt /usr/local/git/share/doc/git-doc/RelNotes/1.7.8.4.txt
# install RelNotes/1.7.8.5.txt /usr/local/git/share/doc/git-doc/RelNotes/1.7.8.5.txt
# install RelNotes/1.7.8.6.txt /usr/local/git/share/doc/git-doc/RelNotes/1.7.8.6.txt
# install RelNotes/1.7.8.txt /usr/local/git/share/doc/git-doc/RelNotes/1.7.8.txt
# install RelNotes/1.7.9.1.txt /usr/local/git/share/doc/git-doc/RelNotes/1.7.9.1.txt
# install RelNotes/1.7.9.2.txt /usr/local/git/share/doc/git-doc/RelNotes/1.7.9.2.txt
# install RelNotes/1.7.9.3.txt /usr/local/git/share/doc/git-doc/RelNotes/1.7.9.3.txt
# install RelNotes/1.7.9.4.txt /usr/local/git/share/doc/git-doc/RelNotes/1.7.9.4.txt
# install RelNotes/1.7.9.5.txt /usr/local/git/share/doc/git-doc/RelNotes/1.7.9.5.txt
# install RelNotes/1.7.9.6.txt /usr/local/git/share/doc/git-doc/RelNotes/1.7.9.6.txt
# install RelNotes/1.7.9.7.txt /usr/local/git/share/doc/git-doc/RelNotes/1.7.9.7.txt
# install RelNotes/1.7.9.txt /usr/local/git/share/doc/git-doc/RelNotes/1.7.9.txt
# install RelNotes/1.8.0.1.txt /usr/local/git/share/doc/git-doc/RelNotes/1.8.0.1.txt
# install RelNotes/1.8.0.2.txt /usr/local/git/share/doc/git-doc/RelNotes/1.8.0.2.txt
# install RelNotes/1.8.0.3.txt /usr/local/git/share/doc/git-doc/RelNotes/1.8.0.3.txt
# install RelNotes/1.8.0.txt /usr/local/git/share/doc/git-doc/RelNotes/1.8.0.txt
# install RelNotes/1.8.1.1.txt /usr/local/git/share/doc/git-doc/RelNotes/1.8.1.1.txt
# install RelNotes/1.8.1.2.txt /usr/local/git/share/doc/git-doc/RelNotes/1.8.1.2.txt
# install RelNotes/1.8.1.3.txt /usr/local/git/share/doc/git-doc/RelNotes/1.8.1.3.txt
# install RelNotes/1.8.1.4.txt /usr/local/git/share/doc/git-doc/RelNotes/1.8.1.4.txt
# install RelNotes/1.8.1.5.txt /usr/local/git/share/doc/git-doc/RelNotes/1.8.1.5.txt
# install RelNotes/1.8.1.6.txt /usr/local/git/share/doc/git-doc/RelNotes/1.8.1.6.txt
# install RelNotes/1.8.1.txt /usr/local/git/share/doc/git-doc/RelNotes/1.8.1.txt
# install RelNotes/1.8.2.1.txt /usr/local/git/share/doc/git-doc/RelNotes/1.8.2.1.txt
# install RelNotes/1.8.2.2.txt /usr/local/git/share/doc/git-doc/RelNotes/1.8.2.2.txt
# install RelNotes/1.8.2.3.txt /usr/local/git/share/doc/git-doc/RelNotes/1.8.2.3.txt
# install RelNotes/1.8.2.txt /usr/local/git/share/doc/git-doc/RelNotes/1.8.2.txt
# install RelNotes/1.8.3.1.txt /usr/local/git/share/doc/git-doc/RelNotes/1.8.3.1.txt
# install RelNotes/1.8.3.2.txt /usr/local/git/share/doc/git-doc/RelNotes/1.8.3.2.txt
# install RelNotes/1.8.3.3.txt /usr/local/git/share/doc/git-doc/RelNotes/1.8.3.3.txt
# install RelNotes/1.8.3.4.txt /usr/local/git/share/doc/git-doc/RelNotes/1.8.3.4.txt
# install RelNotes/1.8.3.txt /usr/local/git/share/doc/git-doc/RelNotes/1.8.3.txt
# install RelNotes/1.8.4.1.txt /usr/local/git/share/doc/git-doc/RelNotes/1.8.4.1.txt
# install RelNotes/1.8.4.2.txt /usr/local/git/share/doc/git-doc/RelNotes/1.8.4.2.txt
# install RelNotes/1.8.4.3.txt /usr/local/git/share/doc/git-doc/RelNotes/1.8.4.3.txt
# install RelNotes/1.8.4.4.txt /usr/local/git/share/doc/git-doc/RelNotes/1.8.4.4.txt
# install RelNotes/1.8.4.5.txt /usr/local/git/share/doc/git-doc/RelNotes/1.8.4.5.txt
# install RelNotes/1.8.4.txt /usr/local/git/share/doc/git-doc/RelNotes/1.8.4.txt
# install RelNotes/1.8.5.1.txt /usr/local/git/share/doc/git-doc/RelNotes/1.8.5.1.txt
# install RelNotes/1.8.5.2.txt /usr/local/git/share/doc/git-doc/RelNotes/1.8.5.2.txt
# install RelNotes/1.8.5.3.txt /usr/local/git/share/doc/git-doc/RelNotes/1.8.5.3.txt
# install RelNotes/1.8.5.4.txt /usr/local/git/share/doc/git-doc/RelNotes/1.8.5.4.txt
# install RelNotes/1.8.5.5.txt /usr/local/git/share/doc/git-doc/RelNotes/1.8.5.5.txt
# install RelNotes/1.8.5.6.txt /usr/local/git/share/doc/git-doc/RelNotes/1.8.5.6.txt
# install RelNotes/1.8.5.txt /usr/local/git/share/doc/git-doc/RelNotes/1.8.5.txt
# install RelNotes/1.9.0.txt /usr/local/git/share/doc/git-doc/RelNotes/1.9.0.txt
# install RelNotes/1.9.1.txt /usr/local/git/share/doc/git-doc/RelNotes/1.9.1.txt
# install RelNotes/1.9.2.txt /usr/local/git/share/doc/git-doc/RelNotes/1.9.2.txt
# install RelNotes/1.9.3.txt /usr/local/git/share/doc/git-doc/RelNotes/1.9.3.txt
# install RelNotes/1.9.4.txt /usr/local/git/share/doc/git-doc/RelNotes/1.9.4.txt
# install RelNotes/1.9.5.txt /usr/local/git/share/doc/git-doc/RelNotes/1.9.5.txt
# install RelNotes/2.0.0.txt /usr/local/git/share/doc/git-doc/RelNotes/2.0.0.txt
# install RelNotes/2.0.1.txt /usr/local/git/share/doc/git-doc/RelNotes/2.0.1.txt
# install RelNotes/2.0.2.txt /usr/local/git/share/doc/git-doc/RelNotes/2.0.2.txt
# install RelNotes/2.0.3.txt /usr/local/git/share/doc/git-doc/RelNotes/2.0.3.txt
# install RelNotes/2.0.4.txt /usr/local/git/share/doc/git-doc/RelNotes/2.0.4.txt
# install RelNotes/2.0.5.txt /usr/local/git/share/doc/git-doc/RelNotes/2.0.5.txt
# install RelNotes/2.1.0.txt /usr/local/git/share/doc/git-doc/RelNotes/2.1.0.txt
# install RelNotes/2.1.1.txt /usr/local/git/share/doc/git-doc/RelNotes/2.1.1.txt
# install RelNotes/2.1.2.txt /usr/local/git/share/doc/git-doc/RelNotes/2.1.2.txt
# install RelNotes/2.1.3.txt /usr/local/git/share/doc/git-doc/RelNotes/2.1.3.txt
# install RelNotes/2.1.4.txt /usr/local/git/share/doc/git-doc/RelNotes/2.1.4.txt
# install RelNotes/2.10.0.txt /usr/local/git/share/doc/git-doc/RelNotes/2.10.0.txt
# install RelNotes/2.10.1.txt /usr/local/git/share/doc/git-doc/RelNotes/2.10.1.txt
# install RelNotes/2.10.2.txt /usr/local/git/share/doc/git-doc/RelNotes/2.10.2.txt
# install RelNotes/2.10.3.txt /usr/local/git/share/doc/git-doc/RelNotes/2.10.3.txt
# install RelNotes/2.11.0.txt /usr/local/git/share/doc/git-doc/RelNotes/2.11.0.txt
# install RelNotes/2.11.1.txt /usr/local/git/share/doc/git-doc/RelNotes/2.11.1.txt
# install RelNotes/2.11.2.txt /usr/local/git/share/doc/git-doc/RelNotes/2.11.2.txt
# install RelNotes/2.12.0.txt /usr/local/git/share/doc/git-doc/RelNotes/2.12.0.txt
# install RelNotes/2.12.1.txt /usr/local/git/share/doc/git-doc/RelNotes/2.12.1.txt
# install RelNotes/2.12.2.txt /usr/local/git/share/doc/git-doc/RelNotes/2.12.2.txt
# install RelNotes/2.12.3.txt /usr/local/git/share/doc/git-doc/RelNotes/2.12.3.txt
# install RelNotes/2.13.0.txt /usr/local/git/share/doc/git-doc/RelNotes/2.13.0.txt
# install RelNotes/2.13.1.txt /usr/local/git/share/doc/git-doc/RelNotes/2.13.1.txt
# install RelNotes/2.13.2.txt /usr/local/git/share/doc/git-doc/RelNotes/2.13.2.txt
# install RelNotes/2.2.0.txt /usr/local/git/share/doc/git-doc/RelNotes/2.2.0.txt
# install RelNotes/2.2.1.txt /usr/local/git/share/doc/git-doc/RelNotes/2.2.1.txt
# install RelNotes/2.2.2.txt /usr/local/git/share/doc/git-doc/RelNotes/2.2.2.txt
# install RelNotes/2.2.3.txt /usr/local/git/share/doc/git-doc/RelNotes/2.2.3.txt
# install RelNotes/2.3.0.txt /usr/local/git/share/doc/git-doc/RelNotes/2.3.0.txt
# install RelNotes/2.3.1.txt /usr/local/git/share/doc/git-doc/RelNotes/2.3.1.txt
# install RelNotes/2.3.10.txt /usr/local/git/share/doc/git-doc/RelNotes/2.3.10.txt
# install RelNotes/2.3.2.txt /usr/local/git/share/doc/git-doc/RelNotes/2.3.2.txt
# install RelNotes/2.3.3.txt /usr/local/git/share/doc/git-doc/RelNotes/2.3.3.txt
# install RelNotes/2.3.4.txt /usr/local/git/share/doc/git-doc/RelNotes/2.3.4.txt
# install RelNotes/2.3.5.txt /usr/local/git/share/doc/git-doc/RelNotes/2.3.5.txt
# install RelNotes/2.3.6.txt /usr/local/git/share/doc/git-doc/RelNotes/2.3.6.txt
# install RelNotes/2.3.7.txt /usr/local/git/share/doc/git-doc/RelNotes/2.3.7.txt
# install RelNotes/2.3.8.txt /usr/local/git/share/doc/git-doc/RelNotes/2.3.8.txt
# install RelNotes/2.3.9.txt /usr/local/git/share/doc/git-doc/RelNotes/2.3.9.txt
# install RelNotes/2.4.0.txt /usr/local/git/share/doc/git-doc/RelNotes/2.4.0.txt
# install RelNotes/2.4.1.txt /usr/local/git/share/doc/git-doc/RelNotes/2.4.1.txt
# install RelNotes/2.4.10.txt /usr/local/git/share/doc/git-doc/RelNotes/2.4.10.txt
# install RelNotes/2.4.11.txt /usr/local/git/share/doc/git-doc/RelNotes/2.4.11.txt
# install RelNotes/2.4.12.txt /usr/local/git/share/doc/git-doc/RelNotes/2.4.12.txt
# install RelNotes/2.4.2.txt /usr/local/git/share/doc/git-doc/RelNotes/2.4.2.txt
# install RelNotes/2.4.3.txt /usr/local/git/share/doc/git-doc/RelNotes/2.4.3.txt
# install RelNotes/2.4.4.txt /usr/local/git/share/doc/git-doc/RelNotes/2.4.4.txt
# install RelNotes/2.4.5.txt /usr/local/git/share/doc/git-doc/RelNotes/2.4.5.txt
# install RelNotes/2.4.6.txt /usr/local/git/share/doc/git-doc/RelNotes/2.4.6.txt
# install RelNotes/2.4.7.txt /usr/local/git/share/doc/git-doc/RelNotes/2.4.7.txt
# install RelNotes/2.4.8.txt /usr/local/git/share/doc/git-doc/RelNotes/2.4.8.txt
# install RelNotes/2.4.9.txt /usr/local/git/share/doc/git-doc/RelNotes/2.4.9.txt
# install RelNotes/2.5.0.txt /usr/local/git/share/doc/git-doc/RelNotes/2.5.0.txt
# install RelNotes/2.5.1.txt /usr/local/git/share/doc/git-doc/RelNotes/2.5.1.txt
# install RelNotes/2.5.2.txt /usr/local/git/share/doc/git-doc/RelNotes/2.5.2.txt
# install RelNotes/2.5.3.txt /usr/local/git/share/doc/git-doc/RelNotes/2.5.3.txt
# install RelNotes/2.5.4.txt /usr/local/git/share/doc/git-doc/RelNotes/2.5.4.txt
# install RelNotes/2.5.5.txt /usr/local/git/share/doc/git-doc/RelNotes/2.5.5.txt
# install RelNotes/2.5.6.txt /usr/local/git/share/doc/git-doc/RelNotes/2.5.6.txt
# install RelNotes/2.6.0.txt /usr/local/git/share/doc/git-doc/RelNotes/2.6.0.txt
# install RelNotes/2.6.1.txt /usr/local/git/share/doc/git-doc/RelNotes/2.6.1.txt
# install RelNotes/2.6.2.txt /usr/local/git/share/doc/git-doc/RelNotes/2.6.2.txt
# install RelNotes/2.6.3.txt /usr/local/git/share/doc/git-doc/RelNotes/2.6.3.txt
# install RelNotes/2.6.4.txt /usr/local/git/share/doc/git-doc/RelNotes/2.6.4.txt
# install RelNotes/2.6.5.txt /usr/local/git/share/doc/git-doc/RelNotes/2.6.5.txt
# install RelNotes/2.6.6.txt /usr/local/git/share/doc/git-doc/RelNotes/2.6.6.txt
# install RelNotes/2.6.7.txt /usr/local/git/share/doc/git-doc/RelNotes/2.6.7.txt
# install RelNotes/2.7.0.txt /usr/local/git/share/doc/git-doc/RelNotes/2.7.0.txt
# install RelNotes/2.7.1.txt /usr/local/git/share/doc/git-doc/RelNotes/2.7.1.txt
# install RelNotes/2.7.2.txt /usr/local/git/share/doc/git-doc/RelNotes/2.7.2.txt
# install RelNotes/2.7.3.txt /usr/local/git/share/doc/git-doc/RelNotes/2.7.3.txt
# install RelNotes/2.7.4.txt /usr/local/git/share/doc/git-doc/RelNotes/2.7.4.txt
# install RelNotes/2.7.5.txt /usr/local/git/share/doc/git-doc/RelNotes/2.7.5.txt
# install RelNotes/2.8.0.txt /usr/local/git/share/doc/git-doc/RelNotes/2.8.0.txt
# install RelNotes/2.8.1.txt /usr/local/git/share/doc/git-doc/RelNotes/2.8.1.txt
# install RelNotes/2.8.2.txt /usr/local/git/share/doc/git-doc/RelNotes/2.8.2.txt
# install RelNotes/2.8.3.txt /usr/local/git/share/doc/git-doc/RelNotes/2.8.3.txt
# install RelNotes/2.8.4.txt /usr/local/git/share/doc/git-doc/RelNotes/2.8.4.txt
# install RelNotes/2.8.5.txt /usr/local/git/share/doc/git-doc/RelNotes/2.8.5.txt
# install RelNotes/2.9.0.txt /usr/local/git/share/doc/git-doc/RelNotes/2.9.0.txt
# install RelNotes/2.9.1.txt /usr/local/git/share/doc/git-doc/RelNotes/2.9.1.txt
# install RelNotes/2.9.2.txt /usr/local/git/share/doc/git-doc/RelNotes/2.9.2.txt
# install RelNotes/2.9.3.txt /usr/local/git/share/doc/git-doc/RelNotes/2.9.3.txt
# install RelNotes/2.9.4.txt /usr/local/git/share/doc/git-doc/RelNotes/2.9.4.txt
# install docbook-xsl.css /usr/local/git/share/doc/git-doc/docbook-xsl.css
make[1]: Leaving directory '/usr/local/src/git-2.13.2/Documentation'
make -C Documentation install-info
make[1]: Entering directory '/usr/local/src/git-2.13.2/Documentation'
make[2]: Entering directory '/usr/local/src/git-2.13.2'
make[2]: 'GIT-VERSION-FILE' is up to date.
make[2]: Leaving directory '/usr/local/src/git-2.13.2'
install -d -m 755 /usr/local/git/share/info
install -m 644 git.info gitman.info /usr/local/git/share/info
if test -r /usr/local/git/share/info/dir; then \
  install-info --info-dir=/usr/local/git/share/info git.info ;\
  install-info --info-dir=/usr/local/git/share/info gitman.info ;\
else \
  echo "No directory found in /usr/local/git/share/info" >&2 ; \
fi
No directory found in /usr/local/git/share/info
make[1]: Leaving directory '/usr/local/src/git-2.13.2/Documentation'
make -C Documentation install-man
make[1]: Entering directory '/usr/local/src/git-2.13.2/Documentation'
make[2]: Entering directory '/usr/local/src/git-2.13.2'
make[2]: 'GIT-VERSION-FILE' is up to date.
make[2]: Leaving directory '/usr/local/src/git-2.13.2'
install -d -m 755 /usr/local/git/share/man/man1
install -d -m 755 /usr/local/git/share/man/man5
install -d -m 755 /usr/local/git/share/man/man7
install -m 644 git-upload-pack.1 git-commit-tree.1 git-check-attr.1 git-parse-remote.1 git-diff-files.1 git-credential-cache--daemon.1 git-web--browse.1 git-rev-list.1 git-bisect.1 git-count-objects.1 git-http-fetch.1 git-mv.1 git-gc.1 git-fast-import.1 git-sh-setup.1 git-apply.1 git-var.1 git-imap-send.1 git-notes.1 git-ls-remote.1 git-rerere.1 git-merge-one-file.1 git-ls-files.1 git-name-rev.1 git-remote-ext.1 git-update-server-info.1 git-remote-fd.1 git-show-branch.1 git-read-tree.1 git-mailsplit.1 git-merge.1 git-mergetool--lib.1 git-update-index.1 git-shortlog.1 git-merge-tree.1 git-cherry-pick.1 git-tag.1 git-checkout-index.1 git-show-ref.1 git-ls-tree.1 git-send-pack.1 git-request-pull.1 git-get-tar-commit-id.1 git-shell.1 git-diff-index.1 git-write-tree.1 git-diff.1 git-check-ignore.1 git-verify-tag.1 git-daemon.1 git-blame.1 git-send-email.1 git-remote-testgit.1 git-index-pack.1 git-upload-archive.1 git-patch-id.1 git-fsck-objects.1 git-prune-packed.1 git-receive-pack.1 git-gui.1 git-cvsimport.1 git-add.1 git-help.1 git-pack-redundant.1 git-http-backend.1 git-show.1 git-reset.1 git-worktree.1 git-mergetool.1 git-mktree.1 git-repack.1 git-cherry.1 git-quiltimport.1 git-update-ref.1 git-fast-export.1 git-fsck.1 git-http-push.1 git-merge-file.1 git-branch.1 git-for-each-ref.1 git-describe.1 git-unpack-file.1 git-stage.1 git-merge-base.1 git-verify-commit.1 git-filter-branch.1 git-log.1 git-merge-index.1 git-difftool.1 git-p4.1 git-svn.1 git-grep.1 git-instaweb.1 git-mailinfo.1 git-interpret-trailers.1 git-whatchanged.1 git-unpack-objects.1 git-push.1 git-remote.1 git-hash-object.1 git-fmt-merge-msg.1 git-credential.1 git-stripspace.1 git-rebase.1 git-submodule.1 git-fetch.1 git-commit.1 git-verify-pack.1 git-checkout.1 git-archimport.1 git-format-patch.1 git-archive.1 git-status.1 git-bundle.1 git-fetch-pack.1 git-init-db.1 git-rm.1 git-check-mailmap.1 git-am.1 git-sh-i18n.1 git-mktag.1 git-pack-objects.1 git-reflog.1 git-clean.1 git-revert.1 git-replace.1 git-stash.1 git-sh-i18n--envsubst.1 git-credential-cache.1 git-clone.1 git-column.1 git-pack-refs.1 git-cvsexportcommit.1 git-show-index.1 git-cvsserver.1 git-pull.1 git-diff-tree.1 git-check-ref-format.1 git-citool.1 git-prune.1 git-config.1 git-cat-file.1 git-annotate.1 git-rev-parse.1 git-symbolic-ref.1 git-init.1 git-credential-store.1 git.1 gitk.1 gitremote-helpers.1 gitweb.1 /usr/local/git/share/man/man1
install -m 644 gitattributes.5 githooks.5 gitignore.5 gitmodules.5 gitrepository-layout.5 gitweb.conf.5 /usr/local/git/share/man/man5
install -m 644 gitcli.7 gitcore-tutorial.7 gitcredentials.7 gitcvs-migration.7 gitdiffcore.7 giteveryday.7 gitglossary.7 gitnamespaces.7 gitrevisions.7 gittutorial-2.7 gittutorial.7 gitworkflows.7 /usr/local/git/share/man/man7
make[1]: Leaving directory '/usr/local/src/git-2.13.2/Documentation'
